[0.012s] Invoking command in '/home/benjaminuc/Desktop/grupo9_ws/build/lab2_grupo9': CMAKE_PREFIX_PATH=${CMAKE_PREFIX_PATH}:/opt/ros/humble /usr/bin/cmake /home/benjaminuc/Desktop/grupo9_ws/src/lab2_grupo9 -DAMENT_CMAKE_SYMLINK_INSTALL=1 -DCMAKE_INSTALL_PREFIX=/home/benjaminuc/Desktop/grupo9_ws/install/lab2_grupo9
[0.086s] -- The C compiler identification is GNU 11.4.0
[0.165s] -- The CXX compiler identification is GNU 11.4.0
[0.171s] -- Detecting C compiler ABI info
[0.225s] -- Detecting C compiler ABI info - done
[0.234s] -- Check for working C compiler: /usr/bin/cc - skipped
[0.235s] -- Detecting C compile features
[0.235s] -- Detecting C compile features - done
[0.238s] -- Detecting CXX compiler ABI info
[0.295s] -- Detecting CXX compiler ABI info - done
[0.302s] -- Check for working CXX compiler: /usr/bin/c++ - skipped
[0.302s] -- Detecting CXX compile features
[0.302s] -- Detecting CXX compile features - done
[0.304s] -- Found ament_cmake: 1.3.11 (/opt/ros/humble/share/ament_cmake/cmake)
[0.412s] -- Found Python3: /usr/bin/python3 (found version "3.10.12") found components: Interpreter 
[0.467s] -- Override CMake install command with custom implementation using symlinks instead of copying resources
[0.491s] -- Found ament_lint_auto: 0.12.12 (/opt/ros/humble/share/ament_lint_auto/cmake)
[0.550s] -- Added test 'flake8' to check Python code syntax and style conventions
[0.551s] -- Added test 'lint_cmake' to check CMake code style
[0.551s] -- Added test 'pep257' to check Python code against some of the docstring style conventions in PEP 257
[0.552s] -- Added test 'xmllint' to check XML markup files
[0.553s] -- Configuring done
[0.556s] -- Generating done
[0.557s] -- Build files have been written to: /home/benjaminuc/Desktop/grupo9_ws/build/lab2_grupo9
[0.563s] Invoked command in '/home/benjaminuc/Desktop/grupo9_ws/build/lab2_grupo9' returned '0': CMAKE_PREFIX_PATH=${CMAKE_PREFIX_PATH}:/opt/ros/humble /usr/bin/cmake /home/benjaminuc/Desktop/grupo9_ws/src/lab2_grupo9 -DAMENT_CMAKE_SYMLINK_INSTALL=1 -DCMAKE_INSTALL_PREFIX=/home/benjaminuc/Desktop/grupo9_ws/install/lab2_grupo9
[0.564s] Invoking command in '/home/benjaminuc/Desktop/grupo9_ws/build/lab2_grupo9': CMAKE_PREFIX_PATH=${CMAKE_PREFIX_PATH}:/opt/ros/humble /usr/bin/cmake --build /home/benjaminuc/Desktop/grupo9_ws/build/lab2_grupo9 -- -j12 -l12
[0.593s] Invoked command in '/home/benjaminuc/Desktop/grupo9_ws/build/lab2_grupo9' returned '0': CMAKE_PREFIX_PATH=${CMAKE_PREFIX_PATH}:/opt/ros/humble /usr/bin/cmake --build /home/benjaminuc/Desktop/grupo9_ws/build/lab2_grupo9 -- -j12 -l12
[0.594s] Invoking command in '/home/benjaminuc/Desktop/grupo9_ws/build/lab2_grupo9': CMAKE_PREFIX_PATH=${CMAKE_PREFIX_PATH}:/opt/ros/humble /usr/bin/cmake --install /home/benjaminuc/Desktop/grupo9_ws/build/lab2_grupo9
[0.598s] -- Install configuration: ""
[0.599s] -- Execute custom install script
[0.599s] -- Up-to-date symlink: /home/benjaminuc/Desktop/grupo9_ws/install/lab2_grupo9/lib/lab2_grupo9/dead_reckoning_nav.py
[0.599s] -- Up-to-date symlink: /home/benjaminuc/Desktop/grupo9_ws/install/lab2_grupo9/lib/lab2_grupo9/pose_loader.py
[0.599s] -- Up-to-date symlink: /home/benjaminuc/Desktop/grupo9_ws/install/lab2_grupo9/lib/lab2_grupo9/p_controller.py
[0.599s] -- Up-to-date symlink: /home/benjaminuc/Desktop/grupo9_ws/install/lab2_grupo9/lib/lab2_grupo9/p_controller_w.py
[0.599s] -- Up-to-date symlink: /home/benjaminuc/Desktop/grupo9_ws/install/lab2_grupo9/lib/lab2_grupo9/pi_controller.py
[0.600s] -- Up-to-date symlink: /home/benjaminuc/Desktop/grupo9_ws/install/lab2_grupo9/lib/lab2_grupo9/pi_controller_w.py
[0.600s] -- Up-to-date symlink: /home/benjaminuc/Desktop/grupo9_ws/install/lab2_grupo9/lib/lab2_grupo9/wall_dodger_p_controller.py
[0.600s] -- Up-to-date symlink: /home/benjaminuc/Desktop/grupo9_ws/install/lab2_grupo9/lib/lab2_grupo9/wall_distance.py
[0.600s] -- Up-to-date symlink: /home/benjaminuc/Desktop/grupo9_ws/install/lab2_grupo9/lib/lab2_grupo9/p_navigation_node.py
[0.600s] -- Symlinking: /home/benjaminuc/Desktop/grupo9_ws/install/lab2_grupo9/lib/lab2_grupo9/path_reader.py
[0.606s] -- Symlinking: /home/benjaminuc/Desktop/grupo9_ws/install/lab2_grupo9/lib/lab2_grupo9/follow_the_carrot.py
[0.611s] -- Symlinking: /home/benjaminuc/Desktop/grupo9_ws/install/lab2_grupo9/lib/lab2_grupo9/follower_ctrl.py
[0.617s] -- Symlinking: /home/benjaminuc/Desktop/grupo9_ws/install/lab2_grupo9/lib/lab2_grupo9/follower_navigation.py
[0.623s] -- Symlinking: /home/benjaminuc/Desktop/grupo9_ws/install/lab2_grupo9/lib/lab2_grupo9/demostracion.py
[0.629s] -- Up-to-date symlink: /home/benjaminuc/Desktop/grupo9_ws/install/lab2_grupo9/share/lab2_grupo9//launch/avanzar_y_rotar_ctrl.xml
[0.629s] -- Symlinking: /home/benjaminuc/Desktop/grupo9_ws/install/lab2_grupo9/share/lab2_grupo9//launch/follow_the_carrot.xml
[0.634s] -- Up-to-date symlink: /home/benjaminuc/Desktop/grupo9_ws/install/lab2_grupo9/share/lab2_grupo9//launch/navegacion_pasillo.xml
[0.634s] -- Up-to-date symlink: /home/benjaminuc/Desktop/grupo9_ws/install/lab2_grupo9/share/lab2_grupo9//launch/pi_avanzar_y_rotar_ctrl.xml
[0.635s] -- Up-to-date symlink: /home/benjaminuc/Desktop/grupo9_ws/install/lab2_grupo9/share/lab2_grupo9/posiciones.txt
[0.635s] -- Up-to-date symlink: /home/benjaminuc/Desktop/grupo9_ws/install/lab2_grupo9/share/ament_index/resource_index/package_run_dependencies/lab2_grupo9
[0.635s] -- Up-to-date symlink: /home/benjaminuc/Desktop/grupo9_ws/install/lab2_grupo9/share/ament_index/resource_index/parent_prefix_path/lab2_grupo9
[0.635s] -- Up-to-date symlink: /home/benjaminuc/Desktop/grupo9_ws/install/lab2_grupo9/share/lab2_grupo9/environment/ament_prefix_path.sh
[0.636s] -- Up-to-date symlink: /home/benjaminuc/Desktop/grupo9_ws/install/lab2_grupo9/share/lab2_grupo9/environment/ament_prefix_path.dsv
[0.636s] -- Up-to-date symlink: /home/benjaminuc/Desktop/grupo9_ws/install/lab2_grupo9/share/lab2_grupo9/environment/path.sh
[0.636s] -- Up-to-date symlink: /home/benjaminuc/Desktop/grupo9_ws/install/lab2_grupo9/share/lab2_grupo9/environment/path.dsv
[0.636s] -- Up-to-date symlink: /home/benjaminuc/Desktop/grupo9_ws/install/lab2_grupo9/share/lab2_grupo9/local_setup.bash
[0.636s] -- Up-to-date symlink: /home/benjaminuc/Desktop/grupo9_ws/install/lab2_grupo9/share/lab2_grupo9/local_setup.sh
[0.636s] -- Up-to-date symlink: /home/benjaminuc/Desktop/grupo9_ws/install/lab2_grupo9/share/lab2_grupo9/local_setup.zsh
[0.636s] -- Up-to-date symlink: /home/benjaminuc/Desktop/grupo9_ws/install/lab2_grupo9/share/lab2_grupo9/local_setup.dsv
[0.636s] -- Symlinking: /home/benjaminuc/Desktop/grupo9_ws/install/lab2_grupo9/share/lab2_grupo9/package.dsv
[0.642s] -- Up-to-date symlink: /home/benjaminuc/Desktop/grupo9_ws/install/lab2_grupo9/share/ament_index/resource_index/packages/lab2_grupo9
[0.642s] -- Up-to-date symlink: /home/benjaminuc/Desktop/grupo9_ws/install/lab2_grupo9/share/lab2_grupo9/cmake/lab2_grupo9Config.cmake
[0.642s] -- Up-to-date symlink: /home/benjaminuc/Desktop/grupo9_ws/install/lab2_grupo9/share/lab2_grupo9/cmake/lab2_grupo9Config-version.cmake
[0.643s] -- Up-to-date symlink: /home/benjaminuc/Desktop/grupo9_ws/install/lab2_grupo9/share/lab2_grupo9/package.xml
[0.644s] Invoked command in '/home/benjaminuc/Desktop/grupo9_ws/build/lab2_grupo9' returned '0': CMAKE_PREFIX_PATH=${CMAKE_PREFIX_PATH}:/opt/ros/humble /usr/bin/cmake --install /home/benjaminuc/Desktop/grupo9_ws/build/lab2_grupo9
