[0.016s] Invoking command in '/home/benjaminuc/Desktop/grupo9_ws/build/cmd_vel_mux': CMAKE_PREFIX_PATH=${CMAKE_PREFIX_PATH}:/opt/ros/humble /usr/bin/cmake /home/benjaminuc/Desktop/grupo9_ws/src/cmd_vel_mux -DAMENT_CMAKE_SYMLINK_INSTALL=1 -DCMAKE_INSTALL_PREFIX=/home/benjaminuc/Desktop/grupo9_ws/install/cmd_vel_mux
[0.094s] -- The C compiler identification is GNU 11.4.0
[0.172s] -- The CXX compiler identification is GNU 11.4.0
[0.178s] -- Detecting C compiler ABI info
[0.233s] -- Detecting C compiler ABI info - done
[0.238s] -- Check for working C compiler: /usr/bin/cc - skipped
[0.238s] -- Detecting C compile features
[0.238s] -- Detecting C compile features - done
[0.240s] -- Detecting CXX compiler ABI info
[0.297s] -- Detecting CXX compiler ABI info - done
[0.302s] -- Check for working CXX compiler: /usr/bin/c++ - skipped
[0.302s] -- Detecting CXX compile features
[0.302s] -- Detecting CXX compile features - done
[0.305s] -- Found ament_cmake_ros: 0.10.0 (/opt/ros/humble/share/ament_cmake_ros/cmake)
[0.419s] -- Found Python3: /usr/bin/python3 (found version "3.10.12") found components: Interpreter 
[0.474s] -- Override CMake install command with custom implementation using symlinks instead of copying resources
[0.500s] -- Found geometry_msgs: 4.8.0 (/opt/ros/humble/share/geometry_msgs/cmake)
[0.535s] -- Found rosidl_generator_c: 3.1.6 (/opt/ros/humble/share/rosidl_generator_c/cmake)
[0.540s] -- Found rosidl_adapter: 3.1.6 (/opt/ros/humble/share/rosidl_adapter/cmake)
[0.551s] -- Found rosidl_generator_cpp: 3.1.6 (/opt/ros/humble/share/rosidl_generator_cpp/cmake)
[0.566s] -- Using all available rosidl_typesupport_c: rosidl_typesupport_fastrtps_c;rosidl_typesupport_introspection_c
[0.580s] -- Using all available rosidl_typesupport_cpp: rosidl_typesupport_fastrtps_cpp;rosidl_typesupport_introspection_cpp
[0.614s] -- Found rcl_interfaces: 1.2.1 (/opt/ros/humble/share/rcl_interfaces/cmake)
[0.623s] -- Found rclcpp: 16.0.12 (/opt/ros/humble/share/rclcpp/cmake)
[0.639s] -- Found rmw_implementation_cmake: 6.1.2 (/opt/ros/humble/share/rmw_implementation_cmake/cmake)
[0.641s] -- Found rmw_fastrtps_cpp: 6.2.7 (/opt/ros/humble/share/rmw_fastrtps_cpp/cmake)
[0.696s] -- Found OpenSSL: /usr/lib/x86_64-linux-gnu/libcrypto.so (found version "3.0.2")  
[0.713s] -- Found FastRTPS: /opt/ros/humble/include  
[0.738s] -- Using RMW implementation 'rmw_fastrtps_cpp' as default
[0.743s] -- Looking for pthread.h
[0.786s] -- Looking for pthread.h - found
[0.786s] -- Performing Test CMAKE_HAVE_LIBC_PTHREAD
[0.831s] -- Performing Test CMAKE_HAVE_LIBC_PTHREAD - Success
[0.832s] -- Found Threads: TRUE  
[0.863s] -- Found rclcpp_components: 16.0.12 (/opt/ros/humble/share/rclcpp_components/cmake)
[0.887s] -- Found ament_lint_auto: 0.12.12 (/opt/ros/humble/share/ament_lint_auto/cmake)
[0.938s] -- Found launch_testing_ament_cmake: 1.0.8 (/opt/ros/humble/share/launch_testing_ament_cmake/cmake)
[0.939s] -- Found python_cmake_module: 0.10.0 (/opt/ros/humble/share/python_cmake_module/cmake)
[0.954s] -- Found PythonInterp: /usr/bin/python3 (found suitable version "3.10.12", minimum required is "3.6") 
[0.958s] -- Found PythonLibs: /usr/lib/x86_64-linux-gnu/libpython3.10.so (found suitable version "3.10.12", minimum required is "3.5") 
[0.958s] -- Using PYTHON_EXECUTABLE: /usr/bin/python3
[0.958s] -- Using PYTHON_INCLUDE_DIRS: /usr/include/python3.10
[0.958s] -- Using PYTHON_LIBRARIES: /usr/lib/x86_64-linux-gnu/libpython3.10.so
[0.972s] -- Found PythonExtra: .so  
[0.979s] -- Added test 'cppcheck' to perform static code analysis on C / C++ code
[0.979s] -- Configured cppcheck include dirs: /home/benjaminuc/Desktop/grupo9_ws/src/cmd_vel_mux/include
[0.980s] -- Configured cppcheck exclude dirs and/or files: 
[0.981s] -- Added test 'cpplint' to check C / C++ code against the Google style
[0.981s] -- Configured cpplint exclude dirs and/or files: 
[0.982s] -- Added test 'flake8' to check Python code syntax and style conventions
[0.983s] -- Added test 'lint_cmake' to check CMake code style
[0.983s] -- Added test 'pep257' to check Python code against some of the docstring style conventions in PEP 257
[0.985s] -- Added test 'uncrustify' to check C / C++ code style
[0.985s] -- Configured uncrustify additional arguments: 
[0.985s] -- Added test 'xmllint' to check XML markup files
[0.986s] -- Configuring done
[0.996s] -- Generating done
[1.000s] -- Build files have been written to: /home/benjaminuc/Desktop/grupo9_ws/build/cmd_vel_mux
[1.006s] Invoked command in '/home/benjaminuc/Desktop/grupo9_ws/build/cmd_vel_mux' returned '0': CMAKE_PREFIX_PATH=${CMAKE_PREFIX_PATH}:/opt/ros/humble /usr/bin/cmake /home/benjaminuc/Desktop/grupo9_ws/src/cmd_vel_mux -DAMENT_CMAKE_SYMLINK_INSTALL=1 -DCMAKE_INSTALL_PREFIX=/home/benjaminuc/Desktop/grupo9_ws/install/cmd_vel_mux
[1.008s] Invoking command in '/home/benjaminuc/Desktop/grupo9_ws/build/cmd_vel_mux': CMAKE_PREFIX_PATH=${CMAKE_PREFIX_PATH}:/opt/ros/humble /usr/bin/cmake --build /home/benjaminuc/Desktop/grupo9_ws/build/cmd_vel_mux -- -j12 -l12
[1.034s] [35m[1mConsolidate compiler generated dependencies of target cmd_vel_mux[0m
[1.034s] [35m[1mConsolidate compiler generated dependencies of target cmd_vel_mux_node[0m
[1.052s] [ 25%] [32mBuilding CXX object CMakeFiles/cmd_vel_mux_node.dir/rclcpp_components/node_main_cmd_vel_mux_node.cpp.o[0m
[1.052s] [ 50%] [32mBuilding CXX object CMakeFiles/cmd_vel_mux.dir/src/cmd_vel_mux.cpp.o[0m
[3.624s] [ 75%] [32m[1mLinking CXX executable cmd_vel_mux_node[0m
[3.729s] [ 75%] Built target cmd_vel_mux_node
[8.045s] [100%] [32m[1mLinking CXX shared library libcmd_vel_mux.so[0m
[8.353s] [100%] Built target cmd_vel_mux
[8.361s] Invoked command in '/home/benjaminuc/Desktop/grupo9_ws/build/cmd_vel_mux' returned '0': CMAKE_PREFIX_PATH=${CMAKE_PREFIX_PATH}:/opt/ros/humble /usr/bin/cmake --build /home/benjaminuc/Desktop/grupo9_ws/build/cmd_vel_mux -- -j12 -l12
[8.363s] Invoking command in '/home/benjaminuc/Desktop/grupo9_ws/build/cmd_vel_mux': CMAKE_PREFIX_PATH=${CMAKE_PREFIX_PATH}:/opt/ros/humble /usr/bin/cmake --install /home/benjaminuc/Desktop/grupo9_ws/build/cmd_vel_mux
[8.367s] -- Install configuration: ""
[8.367s] -- Execute custom install script
[8.368s] -- Up-to-date symlink: /home/benjaminuc/Desktop/grupo9_ws/install/cmd_vel_mux/lib/cmd_vel_mux/cmd_vel_mux_node
[8.368s] -- Up-to-date symlink: /home/benjaminuc/Desktop/grupo9_ws/install/cmd_vel_mux/lib/libcmd_vel_mux.so
[8.368s] -- Up-to-date symlink: /home/benjaminuc/Desktop/grupo9_ws/install/cmd_vel_mux/include/cmd_vel_mux/cmd_vel_mux.hpp
[8.368s] -- Up-to-date symlink: /home/benjaminuc/Desktop/grupo9_ws/install/cmd_vel_mux/share/cmd_vel_mux/config/cmd_vel_mux_params.yaml
[8.369s] -- Up-to-date symlink: /home/benjaminuc/Desktop/grupo9_ws/install/cmd_vel_mux/share/cmd_vel_mux/launch/cmd_vel_mux-composed-launch.py
[8.369s] -- Up-to-date symlink: /home/benjaminuc/Desktop/grupo9_ws/install/cmd_vel_mux/share/cmd_vel_mux/launch/cmd_vel_mux-launch.py
[8.369s] -- Up-to-date symlink: /home/benjaminuc/Desktop/grupo9_ws/install/cmd_vel_mux/share/ament_index/resource_index/package_run_dependencies/cmd_vel_mux
[8.369s] -- Up-to-date symlink: /home/benjaminuc/Desktop/grupo9_ws/install/cmd_vel_mux/share/ament_index/resource_index/parent_prefix_path/cmd_vel_mux
[8.369s] -- Up-to-date symlink: /home/benjaminuc/Desktop/grupo9_ws/install/cmd_vel_mux/share/cmd_vel_mux/environment/ament_prefix_path.sh
[8.369s] -- Up-to-date symlink: /home/benjaminuc/Desktop/grupo9_ws/install/cmd_vel_mux/share/cmd_vel_mux/environment/ament_prefix_path.dsv
[8.370s] -- Up-to-date symlink: /home/benjaminuc/Desktop/grupo9_ws/install/cmd_vel_mux/share/cmd_vel_mux/environment/path.sh
[8.370s] -- Up-to-date symlink: /home/benjaminuc/Desktop/grupo9_ws/install/cmd_vel_mux/share/cmd_vel_mux/environment/path.dsv
[8.370s] -- Up-to-date symlink: /home/benjaminuc/Desktop/grupo9_ws/install/cmd_vel_mux/share/cmd_vel_mux/local_setup.bash
[8.370s] -- Up-to-date symlink: /home/benjaminuc/Desktop/grupo9_ws/install/cmd_vel_mux/share/cmd_vel_mux/local_setup.sh
[8.370s] -- Up-to-date symlink: /home/benjaminuc/Desktop/grupo9_ws/install/cmd_vel_mux/share/cmd_vel_mux/local_setup.zsh
[8.370s] -- Up-to-date symlink: /home/benjaminuc/Desktop/grupo9_ws/install/cmd_vel_mux/share/cmd_vel_mux/local_setup.dsv
[8.370s] -- Symlinking: /home/benjaminuc/Desktop/grupo9_ws/install/cmd_vel_mux/share/cmd_vel_mux/package.dsv
[8.376s] -- Up-to-date symlink: /home/benjaminuc/Desktop/grupo9_ws/install/cmd_vel_mux/share/ament_index/resource_index/packages/cmd_vel_mux
[8.377s] -- Up-to-date symlink: /home/benjaminuc/Desktop/grupo9_ws/install/cmd_vel_mux/share/ament_index/resource_index/rclcpp_components/cmd_vel_mux
[8.377s] -- Up-to-date symlink: /home/benjaminuc/Desktop/grupo9_ws/install/cmd_vel_mux/share/cmd_vel_mux/cmake/cmd_vel_muxConfig.cmake
[8.377s] -- Up-to-date symlink: /home/benjaminuc/Desktop/grupo9_ws/install/cmd_vel_mux/share/cmd_vel_mux/cmake/cmd_vel_muxConfig-version.cmake
[8.377s] -- Up-to-date symlink: /home/benjaminuc/Desktop/grupo9_ws/install/cmd_vel_mux/share/cmd_vel_mux/package.xml
[8.379s] Invoked command in '/home/benjaminuc/Desktop/grupo9_ws/build/cmd_vel_mux' returned '0': CMAKE_PREFIX_PATH=${CMAKE_PREFIX_PATH}:/opt/ros/humble /usr/bin/cmake --install /home/benjaminuc/Desktop/grupo9_ws/build/cmd_vel_mux
