-- Install configuration: ""
-- Execute custom install script
-- Up-to-date symlink: /home/benjaminuc/Desktop/grupo9_ws/install/lab2_grupo9/lib/lab2_grupo9/dead_reckoning_nav.py
-- Up-to-date symlink: /home/benjaminuc/Desktop/grupo9_ws/install/lab2_grupo9/lib/lab2_grupo9/pose_loader.py
-- Up-to-date symlink: /home/benjaminuc/Desktop/grupo9_ws/install/lab2_grupo9/lib/lab2_grupo9/p_controller.py
-- Up-to-date symlink: /home/benjaminuc/Desktop/grupo9_ws/install/lab2_grupo9/lib/lab2_grupo9/p_controller_w.py
-- Up-to-date symlink: /home/benjaminuc/Desktop/grupo9_ws/install/lab2_grupo9/lib/lab2_grupo9/pi_controller.py
-- Up-to-date symlink: /home/benjaminuc/Desktop/grupo9_ws/install/lab2_grupo9/lib/lab2_grupo9/pi_controller_w.py
-- Up-to-date symlink: /home/benjaminuc/Desktop/grupo9_ws/install/lab2_grupo9/share/lab2_grupo9//launch/avanzar_y_rotar_ctrl.xml
-- Symlinking: /home/benjaminuc/Desktop/grupo9_ws/install/lab2_grupo9/share/lab2_grupo9//launch/pi_avanzar_y_rotar_ctrl.xml
-- Up-to-date symlink: /home/benjaminuc/Desktop/grupo9_ws/install/lab2_grupo9/share/lab2_grupo9/posiciones.txt
-- Up-to-date symlink: /home/benjaminuc/Desktop/grupo9_ws/install/lab2_grupo9/share/ament_index/resource_index/package_run_dependencies/lab2_grupo9
-- Up-to-date symlink: /home/benjaminuc/Desktop/grupo9_ws/install/lab2_grupo9/share/ament_index/resource_index/parent_prefix_path/lab2_grupo9
-- Up-to-date symlink: /home/benjaminuc/Desktop/grupo9_ws/install/lab2_grupo9/share/lab2_grupo9/environment/ament_prefix_path.sh
-- Up-to-date symlink: /home/benjaminuc/Desktop/grupo9_ws/install/lab2_grupo9/share/lab2_grupo9/environment/ament_prefix_path.dsv
-- Up-to-date symlink: /home/benjaminuc/Desktop/grupo9_ws/install/lab2_grupo9/share/lab2_grupo9/environment/path.sh
-- Up-to-date symlink: /home/benjaminuc/Desktop/grupo9_ws/install/lab2_grupo9/share/lab2_grupo9/environment/path.dsv
-- Up-to-date symlink: /home/benjaminuc/Desktop/grupo9_ws/install/lab2_grupo9/share/lab2_grupo9/local_setup.bash
-- Up-to-date symlink: /home/benjaminuc/Desktop/grupo9_ws/install/lab2_grupo9/share/lab2_grupo9/local_setup.sh
-- Up-to-date symlink: /home/benjaminuc/Desktop/grupo9_ws/install/lab2_grupo9/share/lab2_grupo9/local_setup.zsh
-- Up-to-date symlink: /home/benjaminuc/Desktop/grupo9_ws/install/lab2_grupo9/share/lab2_grupo9/local_setup.dsv
-- Symlinking: /home/benjaminuc/Desktop/grupo9_ws/install/lab2_grupo9/share/lab2_grupo9/package.dsv
-- Up-to-date symlink: /home/benjaminuc/Desktop/grupo9_ws/install/lab2_grupo9/share/ament_index/resource_index/packages/lab2_grupo9
-- Up-to-date symlink: /home/benjaminuc/Desktop/grupo9_ws/install/lab2_grupo9/share/lab2_grupo9/cmake/lab2_grupo9Config.cmake
-- Up-to-date symlink: /home/benjaminuc/Desktop/grupo9_ws/install/lab2_grupo9/share/lab2_grupo9/cmake/lab2_grupo9Config-version.cmake
-- Up-to-date symlink: /home/benjaminuc/Desktop/grupo9_ws/install/lab2_grupo9/share/lab2_grupo9/package.xml
