-- Found ament_cmake: 1.3.11 (/opt/ros/humble/share/ament_cmake/cmake)
-- Override CMake install command with custom implementation using symlinks instead of copying resources
-- Found ament_lint_auto: 0.12.12 (/opt/ros/humble/share/ament_lint_auto/cmake)
-- Added test 'flake8' to check Python code syntax and style conventions
-- Added test 'lint_cmake' to check CMake code style
-- Added test 'pep257' to check Python code against some of the docstring style conventions in PEP 257
-- Added test 'xmllint' to check XML markup files
-- Configuring done
-- Generating done
-- Build files have been written to: /home/benjaminuc/Desktop/grupo9_ws/build/lab2_grupo9
-- Install configuration: ""
-- Execute custom install script
-- Up-to-date symlink: /home/benjaminuc/Desktop/grupo9_ws/install/lab2_grupo9/lib/lab2_grupo9/dead_reckoning_nav.py
-- Up-to-date symlink: /home/benjaminuc/Desktop/grupo9_ws/install/lab2_grupo9/lib/lab2_grupo9/pose_loader.py
-- Up-to-date symlink: /home/benjaminuc/Desktop/grupo9_ws/install/lab2_grupo9/lib/lab2_grupo9/p_controller.py
-- Up-to-date symlink: /home/benjaminuc/Desktop/grupo9_ws/install/lab2_grupo9/lib/lab2_grupo9/p_controller_w.py
-- Up-to-date symlink: /home/benjaminuc/Desktop/grupo9_ws/install/lab2_grupo9/lib/lab2_grupo9/pi_controller.py
-- Up-to-date symlink: /home/benjaminuc/Desktop/grupo9_ws/install/lab2_grupo9/lib/lab2_grupo9/pi_controller_w.py
-- Symlinking: /home/benjaminuc/Desktop/grupo9_ws/install/lab2_grupo9/lib/lab2_grupo9/wall_dodger_p_controller.py
-- Symlinking: /home/benjaminuc/Desktop/grupo9_ws/install/lab2_grupo9/lib/lab2_grupo9/wall_distance.py
-- Symlinking: /home/benjaminuc/Desktop/grupo9_ws/install/lab2_grupo9/lib/lab2_grupo9/p_navigation_node.py
-- Up-to-date symlink: /home/benjaminuc/Desktop/grupo9_ws/install/lab2_grupo9/share/lab2_grupo9//launch/avanzar_y_rotar_ctrl.xml
-- Symlinking: /home/benjaminuc/Desktop/grupo9_ws/install/lab2_grupo9/share/lab2_grupo9//launch/navegacion_pasillo.xml
-- Up-to-date symlink: /home/benjaminuc/Desktop/grupo9_ws/install/lab2_grupo9/share/lab2_grupo9//launch/pi_avanzar_y_rotar_ctrl.xml
-- Up-to-date symlink: /home/benjaminuc/Desktop/grupo9_ws/install/lab2_grupo9/share/lab2_grupo9/posiciones.txt
-- Up-to-date symlink: /home/benjaminuc/Desktop/grupo9_ws/install/lab2_grupo9/share/ament_index/resource_index/package_run_dependencies/lab2_grupo9
-- Up-to-date symlink: /home/benjaminuc/Desktop/grupo9_ws/install/lab2_grupo9/share/ament_index/resource_index/parent_prefix_path/lab2_grupo9
-- Up-to-date symlink: /home/benjaminuc/Desktop/grupo9_ws/install/lab2_grupo9/share/lab2_grupo9/environment/ament_prefix_path.sh
-- Up-to-date symlink: /home/benjaminuc/Desktop/grupo9_ws/install/lab2_grupo9/share/lab2_grupo9/environment/ament_prefix_path.dsv
-- Up-to-date symlink: /home/benjaminuc/Desktop/grupo9_ws/install/lab2_grupo9/share/lab2_grupo9/environment/path.sh
-- Up-to-date symlink: /home/benjaminuc/Desktop/grupo9_ws/install/lab2_grupo9/share/lab2_grupo9/environment/path.dsv
-- Up-to-date symlink: /home/benjaminuc/Desktop/grupo9_ws/install/lab2_grupo9/share/lab2_grupo9/local_setup.bash
-- Up-to-date symlink: /home/benjaminuc/Desktop/grupo9_ws/install/lab2_grupo9/share/lab2_grupo9/local_setup.sh
-- Up-to-date symlink: /home/benjaminuc/Desktop/grupo9_ws/install/lab2_grupo9/share/lab2_grupo9/local_setup.zsh
-- Up-to-date symlink: /home/benjaminuc/Desktop/grupo9_ws/install/lab2_grupo9/share/lab2_grupo9/local_setup.dsv
-- Symlinking: /home/benjaminuc/Desktop/grupo9_ws/install/lab2_grupo9/share/lab2_grupo9/package.dsv
-- Up-to-date symlink: /home/benjaminuc/Desktop/grupo9_ws/install/lab2_grupo9/share/ament_index/resource_index/packages/lab2_grupo9
-- Up-to-date symlink: /home/benjaminuc/Desktop/grupo9_ws/install/lab2_grupo9/share/lab2_grupo9/cmake/lab2_grupo9Config.cmake
-- Up-to-date symlink: /home/benjaminuc/Desktop/grupo9_ws/install/lab2_grupo9/share/lab2_grupo9/cmake/lab2_grupo9Config-version.cmake
-- Up-to-date symlink: /home/benjaminuc/Desktop/grupo9_ws/install/lab2_grupo9/share/lab2_grupo9/package.xml
