[0.025s] Invoking command in '/home/benjaminuc/Desktop/grupo9_ws/build/lab2_grupo9': CMAKE_PREFIX_PATH=${CMAKE_PREFIX_PATH}:/opt/ros/humble /usr/bin/cmake --build /home/benjaminuc/Desktop/grupo9_ws/build/lab2_grupo9 -- -j12 -l12
[0.040s] -- Found ament_cmake: 1.3.11 (/opt/ros/humble/share/ament_cmake/cmake)
[0.120s] -- Override CMake install command with custom implementation using symlinks instead of copying resources
[0.124s] -- Found ament_lint_auto: 0.12.12 (/opt/ros/humble/share/ament_lint_auto/cmake)
[0.166s] -- Added test 'flake8' to check Python code syntax and style conventions
[0.166s] -- Added test 'lint_cmake' to check CMake code style
[0.167s] -- Added test 'pep257' to check Python code against some of the docstring style conventions in PEP 257
[0.167s] -- Added test 'xmllint' to check XML markup files
[0.168s] -- Configuring done
[0.169s] -- Generating done
[0.170s] -- Build files have been written to: /home/benjaminuc/Desktop/grupo9_ws/build/lab2_grupo9
[0.183s] Invoked command in '/home/benjaminuc/Desktop/grupo9_ws/build/lab2_grupo9' returned '0': CMAKE_PREFIX_PATH=${CMAKE_PREFIX_PATH}:/opt/ros/humble /usr/bin/cmake --build /home/benjaminuc/Desktop/grupo9_ws/build/lab2_grupo9 -- -j12 -l12
[0.184s] Invoking command in '/home/benjaminuc/Desktop/grupo9_ws/build/lab2_grupo9': CMAKE_PREFIX_PATH=${CMAKE_PREFIX_PATH}:/opt/ros/humble /usr/bin/cmake --install /home/benjaminuc/Desktop/grupo9_ws/build/lab2_grupo9
[0.189s] -- Install configuration: ""
[0.189s] -- Execute custom install script
[0.189s] -- Up-to-date symlink: /home/benjaminuc/Desktop/grupo9_ws/install/lab2_grupo9/lib/lab2_grupo9/dead_reckoning_nav.py
[0.189s] -- Up-to-date symlink: /home/benjaminuc/Desktop/grupo9_ws/install/lab2_grupo9/lib/lab2_grupo9/pose_loader.py
[0.189s] -- Up-to-date symlink: /home/benjaminuc/Desktop/grupo9_ws/install/lab2_grupo9/lib/lab2_grupo9/p_controller.py
[0.189s] -- Up-to-date symlink: /home/benjaminuc/Desktop/grupo9_ws/install/lab2_grupo9/lib/lab2_grupo9/p_controller_w.py
[0.189s] -- Up-to-date symlink: /home/benjaminuc/Desktop/grupo9_ws/install/lab2_grupo9/lib/lab2_grupo9/pi_controller.py
[0.189s] -- Up-to-date symlink: /home/benjaminuc/Desktop/grupo9_ws/install/lab2_grupo9/lib/lab2_grupo9/pi_controller_w.py
[0.189s] -- Up-to-date symlink: /home/benjaminuc/Desktop/grupo9_ws/install/lab2_grupo9/share/lab2_grupo9//launch/avanzar_y_rotar_ctrl.xml
[0.190s] [31mCMake Error at ament_cmake_symlink_install/ament_cmake_symlink_install.cmake:158 (message):
[0.190s]   ament_cmake_symlink_install_files() can't find
[0.190s]   '/home/benjaminuc/Desktop/grupo9_ws/src/lab2_grupo9/posiciones.txt'
[0.190s] Call Stack (most recent call first):
[0.190s]   ament_cmake_symlink_install/ament_cmake_symlink_install.cmake:320 (ament_cmake_symlink_install_files)
[0.190s]   cmake_install.cmake:46 (include)
[0.190s] 
[0.190s] [0m
[0.190s] Invoked command in '/home/benjaminuc/Desktop/grupo9_ws/build/lab2_grupo9' returned '1': CMAKE_PREFIX_PATH=${CMAKE_PREFIX_PATH}:/opt/ros/humble /usr/bin/cmake --install /home/benjaminuc/Desktop/grupo9_ws/build/lab2_grupo9
