[0.008s] Invoking command in '/home/benjaminuc/Desktop/grupo9_ws/build/lab1_grupo9': CMAKE_PREFIX_PATH=${CMAKE_PREFIX_PATH}:/opt/ros/humble /usr/bin/cmake --build /home/benjaminuc/Desktop/grupo9_ws/build/lab1_grupo9 -- -j12 -l12
[0.022s] -- Found ament_cmake: 1.3.11 (/opt/ros/humble/share/ament_cmake/cmake)
[0.116s] -- Override CMake install command with custom implementation using symlinks instead of copying resources
[0.121s] -- Found ament_lint_auto: 0.12.12 (/opt/ros/humble/share/ament_lint_auto/cmake)
[0.167s] -- Added test 'flake8' to check Python code syntax and style conventions
[0.168s] -- Added test 'lint_cmake' to check CMake code style
[0.168s] -- Added test 'pep257' to check Python code against some of the docstring style conventions in PEP 257
[0.168s] -- Added test 'xmllint' to check XML markup files
[0.170s] -- Configuring done
[0.172s] -- Generating done
[0.173s] -- Build files have been written to: /home/benjaminuc/Desktop/grupo9_ws/build/lab1_grupo9
[0.186s] Invoked command in '/home/benjaminuc/Desktop/grupo9_ws/build/lab1_grupo9' returned '0': CMAKE_PREFIX_PATH=${CMAKE_PREFIX_PATH}:/opt/ros/humble /usr/bin/cmake --build /home/benjaminuc/Desktop/grupo9_ws/build/lab1_grupo9 -- -j12 -l12
[0.187s] Invoking command in '/home/benjaminuc/Desktop/grupo9_ws/build/lab1_grupo9': CMAKE_PREFIX_PATH=${CMAKE_PREFIX_PATH}:/opt/ros/humble /usr/bin/cmake --install /home/benjaminuc/Desktop/grupo9_ws/build/lab1_grupo9
[0.191s] -- Install configuration: ""
[0.192s] -- Execute custom install script
[0.192s] -- Symlinking: /home/benjaminuc/Desktop/grupo9_ws/install/lab1_grupo9/lib/lab1_grupo9/dead_reckoning_nav.py
[0.197s] -- Symlinking: /home/benjaminuc/Desktop/grupo9_ws/install/lab1_grupo9/share/lab1_grupo9//launch/avanzar_y_rotar.xml
[0.203s] -- Up-to-date symlink: /home/benjaminuc/Desktop/grupo9_ws/install/lab1_grupo9/share/ament_index/resource_index/package_run_dependencies/lab1_grupo9
[0.203s] -- Up-to-date symlink: /home/benjaminuc/Desktop/grupo9_ws/install/lab1_grupo9/share/ament_index/resource_index/parent_prefix_path/lab1_grupo9
[0.203s] -- Up-to-date symlink: /home/benjaminuc/Desktop/grupo9_ws/install/lab1_grupo9/share/lab1_grupo9/environment/ament_prefix_path.sh
[0.203s] -- Up-to-date symlink: /home/benjaminuc/Desktop/grupo9_ws/install/lab1_grupo9/share/lab1_grupo9/environment/ament_prefix_path.dsv
[0.203s] -- Up-to-date symlink: /home/benjaminuc/Desktop/grupo9_ws/install/lab1_grupo9/share/lab1_grupo9/environment/path.sh
[0.203s] -- Up-to-date symlink: /home/benjaminuc/Desktop/grupo9_ws/install/lab1_grupo9/share/lab1_grupo9/environment/path.dsv
[0.203s] -- Up-to-date symlink: /home/benjaminuc/Desktop/grupo9_ws/install/lab1_grupo9/share/lab1_grupo9/local_setup.bash
[0.203s] -- Up-to-date symlink: /home/benjaminuc/Desktop/grupo9_ws/install/lab1_grupo9/share/lab1_grupo9/local_setup.sh
[0.203s] -- Up-to-date symlink: /home/benjaminuc/Desktop/grupo9_ws/install/lab1_grupo9/share/lab1_grupo9/local_setup.zsh
[0.203s] -- Up-to-date symlink: /home/benjaminuc/Desktop/grupo9_ws/install/lab1_grupo9/share/lab1_grupo9/local_setup.dsv
[0.203s] -- Symlinking: /home/benjaminuc/Desktop/grupo9_ws/install/lab1_grupo9/share/lab1_grupo9/package.dsv
[0.210s] -- Up-to-date symlink: /home/benjaminuc/Desktop/grupo9_ws/install/lab1_grupo9/share/ament_index/resource_index/packages/lab1_grupo9
[0.210s] -- Up-to-date symlink: /home/benjaminuc/Desktop/grupo9_ws/install/lab1_grupo9/share/lab1_grupo9/cmake/lab1_grupo9Config.cmake
[0.210s] -- Up-to-date symlink: /home/benjaminuc/Desktop/grupo9_ws/install/lab1_grupo9/share/lab1_grupo9/cmake/lab1_grupo9Config-version.cmake
[0.210s] -- Up-to-date symlink: /home/benjaminuc/Desktop/grupo9_ws/install/lab1_grupo9/share/lab1_grupo9/package.xml
[0.211s] Invoked command in '/home/benjaminuc/Desktop/grupo9_ws/build/lab1_grupo9' returned '0': CMAKE_PREFIX_PATH=${CMAKE_PREFIX_PATH}:/opt/ros/humble /usr/bin/cmake --install /home/benjaminuc/Desktop/grupo9_ws/build/lab1_grupo9
