[0.008s] Invoking command in '/home/benjaminuc/Desktop/grupo9_ws/build/lab1_grupo9': CMAKE_PREFIX_PATH=${CMAKE_PREFIX_PATH}:/opt/ros/humble /usr/bin/cmake --build /home/benjaminuc/Desktop/grupo9_ws/build/lab1_grupo9 -- -j12 -l12
[0.051s] Invoked command in '/home/benjaminuc/Desktop/grupo9_ws/build/lab1_grupo9' returned '0': CMAKE_PREFIX_PATH=${CMAKE_PREFIX_PATH}:/opt/ros/humble /usr/bin/cmake --build /home/benjaminuc/Desktop/grupo9_ws/build/lab1_grupo9 -- -j12 -l12
[0.057s] Invoking command in '/home/benjaminuc/Desktop/grupo9_ws/build/lab1_grupo9': CMAKE_PREFIX_PATH=${CMAKE_PREFIX_PATH}:/opt/ros/humble /usr/bin/cmake --install /home/benjaminuc/Desktop/grupo9_ws/build/lab1_grupo9
[0.062s] -- Install configuration: ""
[0.063s] -- Execute custom install script
[0.063s] -- Up-to-date symlink: /home/benjaminuc/Desktop/grupo9_ws/install/lab1_grupo9/share/ament_index/resource_index/package_run_dependencies/lab1_grupo9
[0.063s] -- Up-to-date symlink: /home/benjaminuc/Desktop/grupo9_ws/install/lab1_grupo9/share/ament_index/resource_index/parent_prefix_path/lab1_grupo9
[0.064s] -- Up-to-date symlink: /home/benjaminuc/Desktop/grupo9_ws/install/lab1_grupo9/share/lab1_grupo9/environment/ament_prefix_path.sh
[0.064s] -- Up-to-date symlink: /home/benjaminuc/Desktop/grupo9_ws/install/lab1_grupo9/share/lab1_grupo9/environment/ament_prefix_path.dsv
[0.064s] -- Up-to-date symlink: /home/benjaminuc/Desktop/grupo9_ws/install/lab1_grupo9/share/lab1_grupo9/environment/path.sh
[0.064s] -- Up-to-date symlink: /home/benjaminuc/Desktop/grupo9_ws/install/lab1_grupo9/share/lab1_grupo9/environment/path.dsv
[0.064s] -- Up-to-date symlink: /home/benjaminuc/Desktop/grupo9_ws/install/lab1_grupo9/share/lab1_grupo9/local_setup.bash
[0.064s] -- Up-to-date symlink: /home/benjaminuc/Desktop/grupo9_ws/install/lab1_grupo9/share/lab1_grupo9/local_setup.sh
[0.065s] -- Up-to-date symlink: /home/benjaminuc/Desktop/grupo9_ws/install/lab1_grupo9/share/lab1_grupo9/local_setup.zsh
[0.065s] -- Up-to-date symlink: /home/benjaminuc/Desktop/grupo9_ws/install/lab1_grupo9/share/lab1_grupo9/local_setup.dsv
[0.065s] -- Symlinking: /home/benjaminuc/Desktop/grupo9_ws/install/lab1_grupo9/share/lab1_grupo9/package.dsv
[0.070s] -- Up-to-date symlink: /home/benjaminuc/Desktop/grupo9_ws/install/lab1_grupo9/share/ament_index/resource_index/packages/lab1_grupo9
[0.071s] -- Up-to-date symlink: /home/benjaminuc/Desktop/grupo9_ws/install/lab1_grupo9/share/lab1_grupo9/cmake/lab1_grupo9Config.cmake
[0.071s] -- Up-to-date symlink: /home/benjaminuc/Desktop/grupo9_ws/install/lab1_grupo9/share/lab1_grupo9/cmake/lab1_grupo9Config-version.cmake
[0.071s] -- Up-to-date symlink: /home/benjaminuc/Desktop/grupo9_ws/install/lab1_grupo9/share/lab1_grupo9/package.xml
[0.072s] Invoked command in '/home/benjaminuc/Desktop/grupo9_ws/build/lab1_grupo9' returned '0': CMAKE_PREFIX_PATH=${CMAKE_PREFIX_PATH}:/opt/ros/humble /usr/bin/cmake --install /home/benjaminuc/Desktop/grupo9_ws/build/lab1_grupo9
