[0.064s] DEBUG:colcon:Command line arguments: ['/usr/bin/colcon', 'build', '--symlink-install']
[0.064s] DEBUG:colcon:Parsed command line arguments: Namespace(log_base=None, log_level=None, verb_name='build', build_base='build', install_base='install', merge_install=False, symlink_install=True, test_result_base=None, continue_on_error=False, executor='parallel', parallel_workers=12, event_handlers=None, ignore_user_meta=False, metas=['./colcon.meta'], base_paths=['.'], packages_ignore=None, packages_ignore_regex=None, paths=None, packages_up_to=None, packages_up_to_regex=None, packages_above=None, packages_above_and_dependencies=None, packages_above_depth=None, packages_select_by_dep=None, packages_skip_by_dep=None, packages_skip_up_to=None, packages_select_build_failed=False, packages_skip_build_finished=False, packages_select_test_failures=False, packages_skip_test_passed=False, packages_select=None, packages_skip=None, packages_select_regex=None, packages_skip_regex=None, packages_start=None, packages_end=None, allow_overriding=[], cmake_args=None, cmake_target=None, cmake_target_skip_unavailable=False, cmake_clean_cache=False, cmake_clean_first=False, cmake_force_configure=False, ament_cmake_args=None, catkin_cmake_args=None, catkin_skip_building_tests=False, mixin_files=None, mixin=None, verb_parser=<colcon_mixin.mixin.mixin_argument.MixinArgumentDecorator object at 0x71959b859ba0>, verb_extension=<colcon_core.verb.build.BuildVerb object at 0x71959b8596f0>, main=<bound method BuildVerb.main of <colcon_core.verb.build.BuildVerb object at 0x71959b8596f0>>, mixin_verb=('build',))
[0.157s] Level 1:colcon.colcon_core.package_discovery:discover_packages(colcon_meta) check parameters
[0.157s] Level 1:colcon.colcon_core.package_discovery:discover_packages(recursive) check parameters
[0.157s] Level 1:colcon.colcon_core.package_discovery:discover_packages(ignore) check parameters
[0.157s] Level 1:colcon.colcon_core.package_discovery:discover_packages(path) check parameters
[0.157s] Level 1:colcon.colcon_core.package_discovery:discover_packages(colcon_meta) discover
[0.157s] Level 1:colcon.colcon_core.package_discovery:discover_packages(recursive) discover
[0.157s] INFO:colcon.colcon_core.package_discovery:Crawling recursively for packages in '/home/benjaminuc/Desktop/grupo9_ws'
[0.157s] Level 1:colcon.colcon_core.package_identification:_identify(.) by extensions ['ignore', 'ignore_ament_install']
[0.157s] Level 1:colcon.colcon_core.package_identification:_identify(.) by extension 'ignore'
[0.158s] Level 1:colcon.colcon_core.package_identification:_identify(.) by extension 'ignore_ament_install'
[0.158s] Level 1:colcon.colcon_core.package_identification:_identify(.) by extensions ['colcon_pkg']
[0.158s] Level 1:colcon.colcon_core.package_identification:_identify(.) by extension 'colcon_pkg'
[0.158s] Level 1:colcon.colcon_core.package_identification:_identify(.) by extensions ['colcon_meta']
[0.158s] Level 1:colcon.colcon_core.package_identification:_identify(.) by extension 'colcon_meta'
[0.158s] Level 1:colcon.colcon_core.package_identification:_identify(.) by extensions ['ros']
[0.158s] Level 1:colcon.colcon_core.package_identification:_identify(.) by extension 'ros'
[0.164s] Level 1:colcon.colcon_core.package_identification:_identify(.) by extensions ['cmake', 'python']
[0.164s] Level 1:colcon.colcon_core.package_identification:_identify(.) by extension 'cmake'
[0.164s] Level 1:colcon.colcon_core.package_identification:_identify(.) by extension 'python'
[0.164s] Level 1:colcon.colcon_core.package_identification:_identify(.) by extensions ['python_setup_py']
[0.164s] Level 1:colcon.colcon_core.package_identification:_identify(.) by extension 'python_setup_py'
[0.165s] Level 1:colcon.colcon_core.package_identification:_identify(build) by extensions ['ignore', 'ignore_ament_install']
[0.165s] Level 1:colcon.colcon_core.package_identification:_identify(build) by extension 'ignore'
[0.165s] Level 1:colcon.colcon_core.package_identification:_identify(build) ignored
[0.165s] Level 1:colcon.colcon_core.package_identification:_identify(install) by extensions ['ignore', 'ignore_ament_install']
[0.165s] Level 1:colcon.colcon_core.package_identification:_identify(install) by extension 'ignore'
[0.165s] Level 1:colcon.colcon_core.package_identification:_identify(install) ignored
[0.165s] Level 1:colcon.colcon_core.package_identification:_identify(log) by extensions ['ignore', 'ignore_ament_install']
[0.165s] Level 1:colcon.colcon_core.package_identification:_identify(log) by extension 'ignore'
[0.165s] Level 1:colcon.colcon_core.package_identification:_identify(log) ignored
[0.165s] Level 1:colcon.colcon_core.package_identification:_identify(src) by extensions ['ignore', 'ignore_ament_install']
[0.165s] Level 1:colcon.colcon_core.package_identification:_identify(src) by extension 'ignore'
[0.165s] Level 1:colcon.colcon_core.package_identification:_identify(src) by extension 'ignore_ament_install'
[0.165s] Level 1:colcon.colcon_core.package_identification:_identify(src) by extensions ['colcon_pkg']
[0.165s] Level 1:colcon.colcon_core.package_identification:_identify(src) by extension 'colcon_pkg'
[0.165s] Level 1:colcon.colcon_core.package_identification:_identify(src) by extensions ['colcon_meta']
[0.165s] Level 1:colcon.colcon_core.package_identification:_identify(src) by extension 'colcon_meta'
[0.165s] Level 1:colcon.colcon_core.package_identification:_identify(src) by extensions ['ros']
[0.165s] Level 1:colcon.colcon_core.package_identification:_identify(src) by extension 'ros'
[0.165s] Level 1:colcon.colcon_core.package_identification:_identify(src) by extensions ['cmake', 'python']
[0.165s] Level 1:colcon.colcon_core.package_identification:_identify(src) by extension 'cmake'
[0.165s] Level 1:colcon.colcon_core.package_identification:_identify(src) by extension 'python'
[0.165s] Level 1:colcon.colcon_core.package_identification:_identify(src) by extensions ['python_setup_py']
[0.165s] Level 1:colcon.colcon_core.package_identification:_identify(src) by extension 'python_setup_py'
[0.165s] Level 1:colcon.colcon_core.package_identification:_identify(src/cmd_vel_mux) by extensions ['ignore', 'ignore_ament_install']
[0.165s] Level 1:colcon.colcon_core.package_identification:_identify(src/cmd_vel_mux) by extension 'ignore'
[0.165s] Level 1:colcon.colcon_core.package_identification:_identify(src/cmd_vel_mux) by extension 'ignore_ament_install'
[0.165s] Level 1:colcon.colcon_core.package_identification:_identify(src/cmd_vel_mux) by extensions ['colcon_pkg']
[0.165s] Level 1:colcon.colcon_core.package_identification:_identify(src/cmd_vel_mux) by extension 'colcon_pkg'
[0.165s] Level 1:colcon.colcon_core.package_identification:_identify(src/cmd_vel_mux) by extensions ['colcon_meta']
[0.165s] Level 1:colcon.colcon_core.package_identification:_identify(src/cmd_vel_mux) by extension 'colcon_meta'
[0.165s] Level 1:colcon.colcon_core.package_identification:_identify(src/cmd_vel_mux) by extensions ['ros']
[0.165s] Level 1:colcon.colcon_core.package_identification:_identify(src/cmd_vel_mux) by extension 'ros'
[0.167s] DEBUG:colcon.colcon_core.package_identification:Package 'src/cmd_vel_mux' with type 'ros.ament_cmake' and name 'cmd_vel_mux'
[0.167s] Level 1:colcon.colcon_core.package_identification:_identify(src/lab1_grupo9) by extensions ['ignore', 'ignore_ament_install']
[0.167s] Level 1:colcon.colcon_core.package_identification:_identify(src/lab1_grupo9) by extension 'ignore'
[0.167s] Level 1:colcon.colcon_core.package_identification:_identify(src/lab1_grupo9) by extension 'ignore_ament_install'
[0.167s] Level 1:colcon.colcon_core.package_identification:_identify(src/lab1_grupo9) by extensions ['colcon_pkg']
[0.167s] Level 1:colcon.colcon_core.package_identification:_identify(src/lab1_grupo9) by extension 'colcon_pkg'
[0.167s] Level 1:colcon.colcon_core.package_identification:_identify(src/lab1_grupo9) by extensions ['colcon_meta']
[0.167s] Level 1:colcon.colcon_core.package_identification:_identify(src/lab1_grupo9) by extension 'colcon_meta'
[0.167s] Level 1:colcon.colcon_core.package_identification:_identify(src/lab1_grupo9) by extensions ['ros']
[0.167s] Level 1:colcon.colcon_core.package_identification:_identify(src/lab1_grupo9) by extension 'ros'
[0.168s] DEBUG:colcon.colcon_core.package_identification:Package 'src/lab1_grupo9' with type 'ros.ament_cmake' and name 'lab1_grupo9'
[0.168s] Level 1:colcon.colcon_core.package_identification:_identify(src/lab2_grupo9) by extensions ['ignore', 'ignore_ament_install']
[0.168s] Level 1:colcon.colcon_core.package_identification:_identify(src/lab2_grupo9) by extension 'ignore'
[0.168s] Level 1:colcon.colcon_core.package_identification:_identify(src/lab2_grupo9) by extension 'ignore_ament_install'
[0.168s] Level 1:colcon.colcon_core.package_identification:_identify(src/lab2_grupo9) by extensions ['colcon_pkg']
[0.168s] Level 1:colcon.colcon_core.package_identification:_identify(src/lab2_grupo9) by extension 'colcon_pkg'
[0.168s] Level 1:colcon.colcon_core.package_identification:_identify(src/lab2_grupo9) by extensions ['colcon_meta']
[0.168s] Level 1:colcon.colcon_core.package_identification:_identify(src/lab2_grupo9) by extension 'colcon_meta'
[0.168s] Level 1:colcon.colcon_core.package_identification:_identify(src/lab2_grupo9) by extensions ['ros']
[0.168s] Level 1:colcon.colcon_core.package_identification:_identify(src/lab2_grupo9) by extension 'ros'
[0.168s] DEBUG:colcon.colcon_core.package_identification:Package 'src/lab2_grupo9' with type 'ros.ament_cmake' and name 'lab2_grupo9'
[0.168s] Level 1:colcon.colcon_core.package_identification:_identify(src/very_simple_robot_simulator) by extensions ['ignore', 'ignore_ament_install']
[0.168s] Level 1:colcon.colcon_core.package_identification:_identify(src/very_simple_robot_simulator) by extension 'ignore'
[0.168s] Level 1:colcon.colcon_core.package_identification:_identify(src/very_simple_robot_simulator) by extension 'ignore_ament_install'
[0.168s] Level 1:colcon.colcon_core.package_identification:_identify(src/very_simple_robot_simulator) by extensions ['colcon_pkg']
[0.168s] Level 1:colcon.colcon_core.package_identification:_identify(src/very_simple_robot_simulator) by extension 'colcon_pkg'
[0.168s] Level 1:colcon.colcon_core.package_identification:_identify(src/very_simple_robot_simulator) by extensions ['colcon_meta']
[0.169s] Level 1:colcon.colcon_core.package_identification:_identify(src/very_simple_robot_simulator) by extension 'colcon_meta'
[0.169s] Level 1:colcon.colcon_core.package_identification:_identify(src/very_simple_robot_simulator) by extensions ['ros']
[0.169s] Level 1:colcon.colcon_core.package_identification:_identify(src/very_simple_robot_simulator) by extension 'ros'
[0.169s] DEBUG:colcon.colcon_core.package_identification:Package 'src/very_simple_robot_simulator' with type 'ros.ament_cmake' and name 'very_simple_robot_simulator'
[0.169s] Level 1:colcon.colcon_core.package_discovery:discover_packages(recursive) using defaults
[0.169s] Level 1:colcon.colcon_core.package_discovery:discover_packages(ignore) discover
[0.169s] Level 1:colcon.colcon_core.package_discovery:discover_packages(ignore) using defaults
[0.169s] Level 1:colcon.colcon_core.package_discovery:discover_packages(path) discover
[0.169s] Level 1:colcon.colcon_core.package_discovery:discover_packages(path) using defaults
[0.188s] Level 1:colcon.colcon_core.package_discovery:discover_packages(prefix_path) check parameters
[0.188s] Level 1:colcon.colcon_core.package_discovery:discover_packages(prefix_path) discover
[0.189s] DEBUG:colcon.colcon_installed_package_information.package_discovery:Found 4 installed packages in /home/benjaminuc/Desktop/grupo9_ws/install
[0.190s] DEBUG:colcon.colcon_installed_package_information.package_discovery:Found 275 installed packages in /opt/ros/humble
[0.190s] Level 1:colcon.colcon_core.package_discovery:discover_packages(prefix_path) using defaults
[0.211s] Level 5:colcon.colcon_core.verb:set package 'cmd_vel_mux' build argument 'cmake_args' from command line to 'None'
[0.211s] Level 5:colcon.colcon_core.verb:set package 'cmd_vel_mux' build argument 'cmake_target' from command line to 'None'
[0.211s] Level 5:colcon.colcon_core.verb:set package 'cmd_vel_mux' build argument 'cmake_target_skip_unavailable' from command line to 'False'
[0.211s] Level 5:colcon.colcon_core.verb:set package 'cmd_vel_mux' build argument 'cmake_clean_cache' from command line to 'False'
[0.211s] Level 5:colcon.colcon_core.verb:set package 'cmd_vel_mux' build argument 'cmake_clean_first' from command line to 'False'
[0.211s] Level 5:colcon.colcon_core.verb:set package 'cmd_vel_mux' build argument 'cmake_force_configure' from command line to 'False'
[0.211s] Level 5:colcon.colcon_core.verb:set package 'cmd_vel_mux' build argument 'ament_cmake_args' from command line to 'None'
[0.211s] Level 5:colcon.colcon_core.verb:set package 'cmd_vel_mux' build argument 'catkin_cmake_args' from command line to 'None'
[0.211s] Level 5:colcon.colcon_core.verb:set package 'cmd_vel_mux' build argument 'catkin_skip_building_tests' from command line to 'False'
[0.212s] DEBUG:colcon.colcon_core.verb:Building package 'cmd_vel_mux' with the following arguments: {'ament_cmake_args': None, 'build_base': '/home/benjaminuc/Desktop/grupo9_ws/build/cmd_vel_mux', 'catkin_cmake_args': None, 'catkin_skip_building_tests': False, 'cmake_args': None, 'cmake_clean_cache': False, 'cmake_clean_first': False, 'cmake_force_configure': False, 'cmake_target': None, 'cmake_target_skip_unavailable': False, 'install_base': '/home/benjaminuc/Desktop/grupo9_ws/install/cmd_vel_mux', 'merge_install': False, 'path': '/home/benjaminuc/Desktop/grupo9_ws/src/cmd_vel_mux', 'symlink_install': True, 'test_result_base': None}
[0.212s] Level 5:colcon.colcon_core.verb:set package 'lab1_grupo9' build argument 'cmake_args' from command line to 'None'
[0.212s] Level 5:colcon.colcon_core.verb:set package 'lab1_grupo9' build argument 'cmake_target' from command line to 'None'
[0.212s] Level 5:colcon.colcon_core.verb:set package 'lab1_grupo9' build argument 'cmake_target_skip_unavailable' from command line to 'False'
[0.212s] Level 5:colcon.colcon_core.verb:set package 'lab1_grupo9' build argument 'cmake_clean_cache' from command line to 'False'
[0.212s] Level 5:colcon.colcon_core.verb:set package 'lab1_grupo9' build argument 'cmake_clean_first' from command line to 'False'
[0.212s] Level 5:colcon.colcon_core.verb:set package 'lab1_grupo9' build argument 'cmake_force_configure' from command line to 'False'
[0.212s] Level 5:colcon.colcon_core.verb:set package 'lab1_grupo9' build argument 'ament_cmake_args' from command line to 'None'
[0.212s] Level 5:colcon.colcon_core.verb:set package 'lab1_grupo9' build argument 'catkin_cmake_args' from command line to 'None'
[0.212s] Level 5:colcon.colcon_core.verb:set package 'lab1_grupo9' build argument 'catkin_skip_building_tests' from command line to 'False'
[0.212s] DEBUG:colcon.colcon_core.verb:Building package 'lab1_grupo9' with the following arguments: {'ament_cmake_args': None, 'build_base': '/home/benjaminuc/Desktop/grupo9_ws/build/lab1_grupo9', 'catkin_cmake_args': None, 'catkin_skip_building_tests': False, 'cmake_args': None, 'cmake_clean_cache': False, 'cmake_clean_first': False, 'cmake_force_configure': False, 'cmake_target': None, 'cmake_target_skip_unavailable': False, 'install_base': '/home/benjaminuc/Desktop/grupo9_ws/install/lab1_grupo9', 'merge_install': False, 'path': '/home/benjaminuc/Desktop/grupo9_ws/src/lab1_grupo9', 'symlink_install': True, 'test_result_base': None}
[0.212s] Level 5:colcon.colcon_core.verb:set package 'lab2_grupo9' build argument 'cmake_args' from command line to 'None'
[0.212s] Level 5:colcon.colcon_core.verb:set package 'lab2_grupo9' build argument 'cmake_target' from command line to 'None'
[0.212s] Level 5:colcon.colcon_core.verb:set package 'lab2_grupo9' build argument 'cmake_target_skip_unavailable' from command line to 'False'
[0.212s] Level 5:colcon.colcon_core.verb:set package 'lab2_grupo9' build argument 'cmake_clean_cache' from command line to 'False'
[0.212s] Level 5:colcon.colcon_core.verb:set package 'lab2_grupo9' build argument 'cmake_clean_first' from command line to 'False'
[0.212s] Level 5:colcon.colcon_core.verb:set package 'lab2_grupo9' build argument 'cmake_force_configure' from command line to 'False'
[0.212s] Level 5:colcon.colcon_core.verb:set package 'lab2_grupo9' build argument 'ament_cmake_args' from command line to 'None'
[0.212s] Level 5:colcon.colcon_core.verb:set package 'lab2_grupo9' build argument 'catkin_cmake_args' from command line to 'None'
[0.212s] Level 5:colcon.colcon_core.verb:set package 'lab2_grupo9' build argument 'catkin_skip_building_tests' from command line to 'False'
[0.212s] DEBUG:colcon.colcon_core.verb:Building package 'lab2_grupo9' with the following arguments: {'ament_cmake_args': None, 'build_base': '/home/benjaminuc/Desktop/grupo9_ws/build/lab2_grupo9', 'catkin_cmake_args': None, 'catkin_skip_building_tests': False, 'cmake_args': None, 'cmake_clean_cache': False, 'cmake_clean_first': False, 'cmake_force_configure': False, 'cmake_target': None, 'cmake_target_skip_unavailable': False, 'install_base': '/home/benjaminuc/Desktop/grupo9_ws/install/lab2_grupo9', 'merge_install': False, 'path': '/home/benjaminuc/Desktop/grupo9_ws/src/lab2_grupo9', 'symlink_install': True, 'test_result_base': None}
[0.212s] Level 5:colcon.colcon_core.verb:set package 'very_simple_robot_simulator' build argument 'cmake_args' from command line to 'None'
[0.212s] Level 5:colcon.colcon_core.verb:set package 'very_simple_robot_simulator' build argument 'cmake_target' from command line to 'None'
[0.212s] Level 5:colcon.colcon_core.verb:set package 'very_simple_robot_simulator' build argument 'cmake_target_skip_unavailable' from command line to 'False'
[0.212s] Level 5:colcon.colcon_core.verb:set package 'very_simple_robot_simulator' build argument 'cmake_clean_cache' from command line to 'False'
[0.212s] Level 5:colcon.colcon_core.verb:set package 'very_simple_robot_simulator' build argument 'cmake_clean_first' from command line to 'False'
[0.212s] Level 5:colcon.colcon_core.verb:set package 'very_simple_robot_simulator' build argument 'cmake_force_configure' from command line to 'False'
[0.212s] Level 5:colcon.colcon_core.verb:set package 'very_simple_robot_simulator' build argument 'ament_cmake_args' from command line to 'None'
[0.212s] Level 5:colcon.colcon_core.verb:set package 'very_simple_robot_simulator' build argument 'catkin_cmake_args' from command line to 'None'
[0.212s] Level 5:colcon.colcon_core.verb:set package 'very_simple_robot_simulator' build argument 'catkin_skip_building_tests' from command line to 'False'
[0.212s] DEBUG:colcon.colcon_core.verb:Building package 'very_simple_robot_simulator' with the following arguments: {'ament_cmake_args': None, 'build_base': '/home/benjaminuc/Desktop/grupo9_ws/build/very_simple_robot_simulator', 'catkin_cmake_args': None, 'catkin_skip_building_tests': False, 'cmake_args': None, 'cmake_clean_cache': False, 'cmake_clean_first': False, 'cmake_force_configure': False, 'cmake_target': None, 'cmake_target_skip_unavailable': False, 'install_base': '/home/benjaminuc/Desktop/grupo9_ws/install/very_simple_robot_simulator', 'merge_install': False, 'path': '/home/benjaminuc/Desktop/grupo9_ws/src/very_simple_robot_simulator', 'symlink_install': True, 'test_result_base': None}
[0.213s] INFO:colcon.colcon_core.executor:Executing jobs using 'parallel' executor
[0.213s] DEBUG:colcon.colcon_parallel_executor.executor.parallel:run_until_complete
[0.213s] INFO:colcon.colcon_ros.task.ament_cmake.build:Building ROS package in '/home/benjaminuc/Desktop/grupo9_ws/src/cmd_vel_mux' with build type 'ament_cmake'
[0.213s] INFO:colcon.colcon_cmake.task.cmake.build:Building CMake package in '/home/benjaminuc/Desktop/grupo9_ws/src/cmd_vel_mux'
[0.214s] INFO:colcon.colcon_core.plugin_system:Skipping extension 'colcon_core.shell.bat': Not used on non-Windows systems
[0.215s] INFO:colcon.colcon_core.shell:Skip shell extension 'powershell' for command environment: Not usable outside of PowerShell
[0.215s] DEBUG:colcon.colcon_core.shell:Skip shell extension 'dsv' for command environment
[0.217s] INFO:colcon.colcon_ros.task.ament_cmake.build:Building ROS package in '/home/benjaminuc/Desktop/grupo9_ws/src/lab1_grupo9' with build type 'ament_cmake'
[0.217s] INFO:colcon.colcon_cmake.task.cmake.build:Building CMake package in '/home/benjaminuc/Desktop/grupo9_ws/src/lab1_grupo9'
[0.217s] INFO:colcon.colcon_core.shell:Skip shell extension 'powershell' for command environment: Not usable outside of PowerShell
[0.217s] DEBUG:colcon.colcon_core.shell:Skip shell extension 'dsv' for command environment
[0.219s] INFO:colcon.colcon_ros.task.ament_cmake.build:Building ROS package in '/home/benjaminuc/Desktop/grupo9_ws/src/lab2_grupo9' with build type 'ament_cmake'
[0.219s] INFO:colcon.colcon_cmake.task.cmake.build:Building CMake package in '/home/benjaminuc/Desktop/grupo9_ws/src/lab2_grupo9'
[0.219s] INFO:colcon.colcon_core.shell:Skip shell extension 'powershell' for command environment: Not usable outside of PowerShell
[0.219s] DEBUG:colcon.colcon_core.shell:Skip shell extension 'dsv' for command environment
[0.221s] INFO:colcon.colcon_ros.task.ament_cmake.build:Building ROS package in '/home/benjaminuc/Desktop/grupo9_ws/src/very_simple_robot_simulator' with build type 'ament_cmake'
[0.221s] INFO:colcon.colcon_cmake.task.cmake.build:Building CMake package in '/home/benjaminuc/Desktop/grupo9_ws/src/very_simple_robot_simulator'
[0.221s] INFO:colcon.colcon_core.shell:Skip shell extension 'powershell' for command environment: Not usable outside of PowerShell
[0.221s] DEBUG:colcon.colcon_core.shell:Skip shell extension 'dsv' for command environment
[0.226s] DEBUG:colcon.colcon_core.event_handler.log_command:Invoking command in '/home/benjaminuc/Desktop/grupo9_ws/build/cmd_vel_mux': CMAKE_PREFIX_PATH=${CMAKE_PREFIX_PATH}:/opt/ros/humble /usr/bin/cmake --build /home/benjaminuc/Desktop/grupo9_ws/build/cmd_vel_mux -- -j12 -l12
[0.227s] DEBUG:colcon.colcon_core.event_handler.log_command:Invoking command in '/home/benjaminuc/Desktop/grupo9_ws/build/lab1_grupo9': CMAKE_PREFIX_PATH=${CMAKE_PREFIX_PATH}:/opt/ros/humble /usr/bin/cmake --build /home/benjaminuc/Desktop/grupo9_ws/build/lab1_grupo9 -- -j12 -l12
[0.245s] DEBUG:colcon.colcon_core.event_handler.log_command:Invoking command in '/home/benjaminuc/Desktop/grupo9_ws/build/lab2_grupo9': CMAKE_PREFIX_PATH=${CMAKE_PREFIX_PATH}:/opt/ros/humble /usr/bin/cmake --build /home/benjaminuc/Desktop/grupo9_ws/build/lab2_grupo9 -- -j12 -l12
[0.248s] DEBUG:colcon.colcon_core.event_handler.log_command:Invoking command in '/home/benjaminuc/Desktop/grupo9_ws/build/very_simple_robot_simulator': CMAKE_PREFIX_PATH=${CMAKE_PREFIX_PATH}:/opt/ros/humble /usr/bin/cmake --build /home/benjaminuc/Desktop/grupo9_ws/build/very_simple_robot_simulator -- -j12 -l12
[0.252s] DEBUG:colcon.colcon_core.event_handler.log_command:Invoked command in '/home/benjaminuc/Desktop/grupo9_ws/build/lab1_grupo9' returned '0': CMAKE_PREFIX_PATH=${CMAKE_PREFIX_PATH}:/opt/ros/humble /usr/bin/cmake --build /home/benjaminuc/Desktop/grupo9_ws/build/lab1_grupo9 -- -j12 -l12
[0.259s] DEBUG:colcon.colcon_core.event_handler.log_command:Invoking command in '/home/benjaminuc/Desktop/grupo9_ws/build/lab1_grupo9': CMAKE_PREFIX_PATH=${CMAKE_PREFIX_PATH}:/opt/ros/humble /usr/bin/cmake --install /home/benjaminuc/Desktop/grupo9_ws/build/lab1_grupo9
[0.268s] DEBUG:colcon.colcon_core.event_handler.log_command:Invoked command in '/home/benjaminuc/Desktop/grupo9_ws/build/cmd_vel_mux' returned '0': CMAKE_PREFIX_PATH=${CMAKE_PREFIX_PATH}:/opt/ros/humble /usr/bin/cmake --build /home/benjaminuc/Desktop/grupo9_ws/build/cmd_vel_mux -- -j12 -l12
[0.269s] DEBUG:colcon.colcon_core.event_handler.log_command:Invoking command in '/home/benjaminuc/Desktop/grupo9_ws/build/cmd_vel_mux': CMAKE_PREFIX_PATH=${CMAKE_PREFIX_PATH}:/opt/ros/humble /usr/bin/cmake --install /home/benjaminuc/Desktop/grupo9_ws/build/cmd_vel_mux
[0.270s] DEBUG:colcon.colcon_core.event_handler.log_command:Invoked command in '/home/benjaminuc/Desktop/grupo9_ws/build/lab2_grupo9' returned '0': CMAKE_PREFIX_PATH=${CMAKE_PREFIX_PATH}:/opt/ros/humble /usr/bin/cmake --build /home/benjaminuc/Desktop/grupo9_ws/build/lab2_grupo9 -- -j12 -l12
[0.272s] DEBUG:colcon.colcon_core.event_handler.log_command:Invoking command in '/home/benjaminuc/Desktop/grupo9_ws/build/lab2_grupo9': CMAKE_PREFIX_PATH=${CMAKE_PREFIX_PATH}:/opt/ros/humble /usr/bin/cmake --install /home/benjaminuc/Desktop/grupo9_ws/build/lab2_grupo9
[0.274s] Level 1:colcon.colcon_core.environment:create_environment_scripts_only(lab1_grupo9)
[0.275s] DEBUG:colcon.colcon_core.event_handler.log_command:Invoked command in '/home/benjaminuc/Desktop/grupo9_ws/build/lab1_grupo9' returned '0': CMAKE_PREFIX_PATH=${CMAKE_PREFIX_PATH}:/opt/ros/humble /usr/bin/cmake --install /home/benjaminuc/Desktop/grupo9_ws/build/lab1_grupo9
[0.280s] Level 1:colcon.colcon_core.environment:checking '/home/benjaminuc/Desktop/grupo9_ws/install/lab1_grupo9' for CMake module files
[0.280s] Level 1:colcon.colcon_core.environment:checking '/home/benjaminuc/Desktop/grupo9_ws/install/lab1_grupo9' for CMake config files
[0.281s] Level 1:colcon.colcon_core.shell:create_environment_hook('lab1_grupo9', 'cmake_prefix_path')
[0.281s] INFO:colcon.colcon_core.shell:Creating environment hook '/home/benjaminuc/Desktop/grupo9_ws/install/lab1_grupo9/share/lab1_grupo9/hook/cmake_prefix_path.ps1'
[0.281s] INFO:colcon.colcon_core.shell:Creating environment descriptor '/home/benjaminuc/Desktop/grupo9_ws/install/lab1_grupo9/share/lab1_grupo9/hook/cmake_prefix_path.dsv'
[0.282s] INFO:colcon.colcon_core.shell:Creating environment hook '/home/benjaminuc/Desktop/grupo9_ws/install/lab1_grupo9/share/lab1_grupo9/hook/cmake_prefix_path.sh'
[0.282s] Level 1:colcon.colcon_core.environment:checking '/home/benjaminuc/Desktop/grupo9_ws/install/lab1_grupo9/lib'
[0.283s] Level 1:colcon.colcon_core.environment:checking '/home/benjaminuc/Desktop/grupo9_ws/install/lab1_grupo9/bin'
[0.283s] Level 1:colcon.colcon_core.environment:checking '/home/benjaminuc/Desktop/grupo9_ws/install/lab1_grupo9/lib/pkgconfig/lab1_grupo9.pc'
[0.283s] Level 1:colcon.colcon_core.environment:checking '/home/benjaminuc/Desktop/grupo9_ws/install/lab1_grupo9/lib/python3.10/site-packages'
[0.283s] Level 1:colcon.colcon_core.environment:checking '/home/benjaminuc/Desktop/grupo9_ws/install/lab1_grupo9/bin'
[0.283s] INFO:colcon.colcon_core.shell:Creating package script '/home/benjaminuc/Desktop/grupo9_ws/install/lab1_grupo9/share/lab1_grupo9/package.ps1'
[0.285s] INFO:colcon.colcon_core.shell:Creating package descriptor '/home/benjaminuc/Desktop/grupo9_ws/install/lab1_grupo9/share/lab1_grupo9/package.dsv'
[0.285s] INFO:colcon.colcon_core.shell:Creating package script '/home/benjaminuc/Desktop/grupo9_ws/install/lab1_grupo9/share/lab1_grupo9/package.sh'
[0.286s] INFO:colcon.colcon_core.shell:Creating package script '/home/benjaminuc/Desktop/grupo9_ws/install/lab1_grupo9/share/lab1_grupo9/package.bash'
[0.286s] INFO:colcon.colcon_core.shell:Creating package script '/home/benjaminuc/Desktop/grupo9_ws/install/lab1_grupo9/share/lab1_grupo9/package.zsh'
[0.287s] Level 1:colcon.colcon_core.environment:create_file_with_runtime_dependencies(/home/benjaminuc/Desktop/grupo9_ws/install/lab1_grupo9/share/colcon-core/packages/lab1_grupo9)
[0.287s] Level 1:colcon.colcon_core.environment:create_environment_scripts_only(lab1_grupo9)
[0.287s] Level 1:colcon.colcon_core.environment:checking '/home/benjaminuc/Desktop/grupo9_ws/install/lab1_grupo9' for CMake module files
[0.288s] Level 1:colcon.colcon_core.environment:checking '/home/benjaminuc/Desktop/grupo9_ws/install/lab1_grupo9' for CMake config files
[0.288s] Level 1:colcon.colcon_core.shell:create_environment_hook('lab1_grupo9', 'cmake_prefix_path')
[0.288s] INFO:colcon.colcon_core.shell:Creating environment hook '/home/benjaminuc/Desktop/grupo9_ws/install/lab1_grupo9/share/lab1_grupo9/hook/cmake_prefix_path.ps1'
[0.288s] INFO:colcon.colcon_core.shell:Creating environment descriptor '/home/benjaminuc/Desktop/grupo9_ws/install/lab1_grupo9/share/lab1_grupo9/hook/cmake_prefix_path.dsv'
[0.289s] INFO:colcon.colcon_core.shell:Creating environment hook '/home/benjaminuc/Desktop/grupo9_ws/install/lab1_grupo9/share/lab1_grupo9/hook/cmake_prefix_path.sh'
[0.289s] Level 1:colcon.colcon_core.environment:checking '/home/benjaminuc/Desktop/grupo9_ws/install/lab1_grupo9/lib'
[0.289s] Level 1:colcon.colcon_core.environment:checking '/home/benjaminuc/Desktop/grupo9_ws/install/lab1_grupo9/bin'
[0.289s] Level 1:colcon.colcon_core.environment:checking '/home/benjaminuc/Desktop/grupo9_ws/install/lab1_grupo9/lib/pkgconfig/lab1_grupo9.pc'
[0.289s] Level 1:colcon.colcon_core.environment:checking '/home/benjaminuc/Desktop/grupo9_ws/install/lab1_grupo9/lib/python3.10/site-packages'
[0.289s] Level 1:colcon.colcon_core.environment:checking '/home/benjaminuc/Desktop/grupo9_ws/install/lab1_grupo9/bin'
[0.289s] INFO:colcon.colcon_core.shell:Creating package script '/home/benjaminuc/Desktop/grupo9_ws/install/lab1_grupo9/share/lab1_grupo9/package.ps1'
[0.290s] INFO:colcon.colcon_core.shell:Creating package descriptor '/home/benjaminuc/Desktop/grupo9_ws/install/lab1_grupo9/share/lab1_grupo9/package.dsv'
[0.290s] INFO:colcon.colcon_core.shell:Creating package script '/home/benjaminuc/Desktop/grupo9_ws/install/lab1_grupo9/share/lab1_grupo9/package.sh'
[0.290s] INFO:colcon.colcon_core.shell:Creating package script '/home/benjaminuc/Desktop/grupo9_ws/install/lab1_grupo9/share/lab1_grupo9/package.bash'
[0.290s] INFO:colcon.colcon_core.shell:Creating package script '/home/benjaminuc/Desktop/grupo9_ws/install/lab1_grupo9/share/lab1_grupo9/package.zsh'
[0.291s] Level 1:colcon.colcon_core.environment:create_file_with_runtime_dependencies(/home/benjaminuc/Desktop/grupo9_ws/install/lab1_grupo9/share/colcon-core/packages/lab1_grupo9)
[0.292s] Level 1:colcon.colcon_core.environment:create_environment_scripts_only(cmd_vel_mux)
[0.292s] Level 1:colcon.colcon_core.environment:checking '/home/benjaminuc/Desktop/grupo9_ws/install/cmd_vel_mux' for CMake module files
[0.292s] DEBUG:colcon.colcon_core.event_handler.log_command:Invoked command in '/home/benjaminuc/Desktop/grupo9_ws/build/cmd_vel_mux' returned '0': CMAKE_PREFIX_PATH=${CMAKE_PREFIX_PATH}:/opt/ros/humble /usr/bin/cmake --install /home/benjaminuc/Desktop/grupo9_ws/build/cmd_vel_mux
[0.292s] Level 1:colcon.colcon_core.environment:checking '/home/benjaminuc/Desktop/grupo9_ws/install/cmd_vel_mux' for CMake config files
[0.293s] Level 1:colcon.colcon_core.shell:create_environment_hook('cmd_vel_mux', 'cmake_prefix_path')
[0.293s] INFO:colcon.colcon_core.shell:Creating environment hook '/home/benjaminuc/Desktop/grupo9_ws/install/cmd_vel_mux/share/cmd_vel_mux/hook/cmake_prefix_path.ps1'
[0.293s] INFO:colcon.colcon_core.shell:Creating environment descriptor '/home/benjaminuc/Desktop/grupo9_ws/install/cmd_vel_mux/share/cmd_vel_mux/hook/cmake_prefix_path.dsv'
[0.293s] INFO:colcon.colcon_core.shell:Creating environment hook '/home/benjaminuc/Desktop/grupo9_ws/install/cmd_vel_mux/share/cmd_vel_mux/hook/cmake_prefix_path.sh'
[0.294s] Level 1:colcon.colcon_core.environment:checking '/home/benjaminuc/Desktop/grupo9_ws/install/cmd_vel_mux/lib'
[0.294s] Level 1:colcon.colcon_core.shell:create_environment_hook('cmd_vel_mux', 'ld_library_path_lib')
[0.294s] INFO:colcon.colcon_core.shell:Creating environment hook '/home/benjaminuc/Desktop/grupo9_ws/install/cmd_vel_mux/share/cmd_vel_mux/hook/ld_library_path_lib.ps1'
[0.294s] INFO:colcon.colcon_core.shell:Creating environment descriptor '/home/benjaminuc/Desktop/grupo9_ws/install/cmd_vel_mux/share/cmd_vel_mux/hook/ld_library_path_lib.dsv'
[0.294s] INFO:colcon.colcon_core.shell:Creating environment hook '/home/benjaminuc/Desktop/grupo9_ws/install/cmd_vel_mux/share/cmd_vel_mux/hook/ld_library_path_lib.sh'
[0.294s] Level 1:colcon.colcon_core.environment:checking '/home/benjaminuc/Desktop/grupo9_ws/install/cmd_vel_mux/bin'
[0.294s] Level 1:colcon.colcon_core.environment:checking '/home/benjaminuc/Desktop/grupo9_ws/install/cmd_vel_mux/lib/pkgconfig/cmd_vel_mux.pc'
[0.295s] Level 1:colcon.colcon_core.environment:checking '/home/benjaminuc/Desktop/grupo9_ws/install/cmd_vel_mux/lib/python3.10/site-packages'
[0.295s] Level 1:colcon.colcon_core.environment:checking '/home/benjaminuc/Desktop/grupo9_ws/install/cmd_vel_mux/bin'
[0.295s] INFO:colcon.colcon_core.shell:Creating package script '/home/benjaminuc/Desktop/grupo9_ws/install/cmd_vel_mux/share/cmd_vel_mux/package.ps1'
[0.295s] INFO:colcon.colcon_core.shell:Creating package descriptor '/home/benjaminuc/Desktop/grupo9_ws/install/cmd_vel_mux/share/cmd_vel_mux/package.dsv'
[0.295s] INFO:colcon.colcon_core.shell:Creating package script '/home/benjaminuc/Desktop/grupo9_ws/install/cmd_vel_mux/share/cmd_vel_mux/package.sh'
[0.296s] INFO:colcon.colcon_core.shell:Creating package script '/home/benjaminuc/Desktop/grupo9_ws/install/cmd_vel_mux/share/cmd_vel_mux/package.bash'
[0.296s] INFO:colcon.colcon_core.shell:Creating package script '/home/benjaminuc/Desktop/grupo9_ws/install/cmd_vel_mux/share/cmd_vel_mux/package.zsh'
[0.296s] Level 1:colcon.colcon_core.environment:create_file_with_runtime_dependencies(/home/benjaminuc/Desktop/grupo9_ws/install/cmd_vel_mux/share/colcon-core/packages/cmd_vel_mux)
[0.296s] Level 1:colcon.colcon_core.environment:create_environment_scripts_only(cmd_vel_mux)
[0.297s] Level 1:colcon.colcon_core.environment:checking '/home/benjaminuc/Desktop/grupo9_ws/install/cmd_vel_mux' for CMake module files
[0.297s] Level 1:colcon.colcon_core.environment:checking '/home/benjaminuc/Desktop/grupo9_ws/install/cmd_vel_mux' for CMake config files
[0.297s] Level 1:colcon.colcon_core.shell:create_environment_hook('cmd_vel_mux', 'cmake_prefix_path')
[0.297s] INFO:colcon.colcon_core.shell:Creating environment hook '/home/benjaminuc/Desktop/grupo9_ws/install/cmd_vel_mux/share/cmd_vel_mux/hook/cmake_prefix_path.ps1'
[0.297s] INFO:colcon.colcon_core.shell:Creating environment descriptor '/home/benjaminuc/Desktop/grupo9_ws/install/cmd_vel_mux/share/cmd_vel_mux/hook/cmake_prefix_path.dsv'
[0.298s] INFO:colcon.colcon_core.shell:Creating environment hook '/home/benjaminuc/Desktop/grupo9_ws/install/cmd_vel_mux/share/cmd_vel_mux/hook/cmake_prefix_path.sh'
[0.298s] Level 1:colcon.colcon_core.environment:checking '/home/benjaminuc/Desktop/grupo9_ws/install/cmd_vel_mux/lib'
[0.298s] Level 1:colcon.colcon_core.shell:create_environment_hook('cmd_vel_mux', 'ld_library_path_lib')
[0.298s] INFO:colcon.colcon_core.shell:Creating environment hook '/home/benjaminuc/Desktop/grupo9_ws/install/cmd_vel_mux/share/cmd_vel_mux/hook/ld_library_path_lib.ps1'
[0.298s] INFO:colcon.colcon_core.shell:Creating environment descriptor '/home/benjaminuc/Desktop/grupo9_ws/install/cmd_vel_mux/share/cmd_vel_mux/hook/ld_library_path_lib.dsv'
[0.298s] INFO:colcon.colcon_core.shell:Creating environment hook '/home/benjaminuc/Desktop/grupo9_ws/install/cmd_vel_mux/share/cmd_vel_mux/hook/ld_library_path_lib.sh'
[0.299s] Level 1:colcon.colcon_core.environment:checking '/home/benjaminuc/Desktop/grupo9_ws/install/cmd_vel_mux/bin'
[0.299s] Level 1:colcon.colcon_core.environment:checking '/home/benjaminuc/Desktop/grupo9_ws/install/cmd_vel_mux/lib/pkgconfig/cmd_vel_mux.pc'
[0.299s] Level 1:colcon.colcon_core.environment:checking '/home/benjaminuc/Desktop/grupo9_ws/install/cmd_vel_mux/lib/python3.10/site-packages'
[0.299s] Level 1:colcon.colcon_core.environment:checking '/home/benjaminuc/Desktop/grupo9_ws/install/cmd_vel_mux/bin'
[0.299s] INFO:colcon.colcon_core.shell:Creating package script '/home/benjaminuc/Desktop/grupo9_ws/install/cmd_vel_mux/share/cmd_vel_mux/package.ps1'
[0.299s] INFO:colcon.colcon_core.shell:Creating package descriptor '/home/benjaminuc/Desktop/grupo9_ws/install/cmd_vel_mux/share/cmd_vel_mux/package.dsv'
[0.300s] INFO:colcon.colcon_core.shell:Creating package script '/home/benjaminuc/Desktop/grupo9_ws/install/cmd_vel_mux/share/cmd_vel_mux/package.sh'
[0.300s] INFO:colcon.colcon_core.shell:Creating package script '/home/benjaminuc/Desktop/grupo9_ws/install/cmd_vel_mux/share/cmd_vel_mux/package.bash'
[0.300s] INFO:colcon.colcon_core.shell:Creating package script '/home/benjaminuc/Desktop/grupo9_ws/install/cmd_vel_mux/share/cmd_vel_mux/package.zsh'
[0.300s] Level 1:colcon.colcon_core.environment:create_file_with_runtime_dependencies(/home/benjaminuc/Desktop/grupo9_ws/install/cmd_vel_mux/share/colcon-core/packages/cmd_vel_mux)
[0.301s] Level 1:colcon.colcon_core.environment:create_environment_scripts_only(lab2_grupo9)
[0.301s] Level 1:colcon.colcon_core.environment:checking '/home/benjaminuc/Desktop/grupo9_ws/install/lab2_grupo9' for CMake module files
[0.301s] DEBUG:colcon.colcon_core.event_handler.log_command:Invoked command in '/home/benjaminuc/Desktop/grupo9_ws/build/lab2_grupo9' returned '0': CMAKE_PREFIX_PATH=${CMAKE_PREFIX_PATH}:/opt/ros/humble /usr/bin/cmake --install /home/benjaminuc/Desktop/grupo9_ws/build/lab2_grupo9
[0.301s] Level 1:colcon.colcon_core.environment:checking '/home/benjaminuc/Desktop/grupo9_ws/install/lab2_grupo9' for CMake config files
[0.302s] Level 1:colcon.colcon_core.shell:create_environment_hook('lab2_grupo9', 'cmake_prefix_path')
[0.302s] INFO:colcon.colcon_core.shell:Creating environment hook '/home/benjaminuc/Desktop/grupo9_ws/install/lab2_grupo9/share/lab2_grupo9/hook/cmake_prefix_path.ps1'
[0.302s] INFO:colcon.colcon_core.shell:Creating environment descriptor '/home/benjaminuc/Desktop/grupo9_ws/install/lab2_grupo9/share/lab2_grupo9/hook/cmake_prefix_path.dsv'
[0.302s] INFO:colcon.colcon_core.shell:Creating environment hook '/home/benjaminuc/Desktop/grupo9_ws/install/lab2_grupo9/share/lab2_grupo9/hook/cmake_prefix_path.sh'
[0.303s] Level 1:colcon.colcon_core.environment:checking '/home/benjaminuc/Desktop/grupo9_ws/install/lab2_grupo9/lib'
[0.303s] Level 1:colcon.colcon_core.environment:checking '/home/benjaminuc/Desktop/grupo9_ws/install/lab2_grupo9/bin'
[0.303s] Level 1:colcon.colcon_core.environment:checking '/home/benjaminuc/Desktop/grupo9_ws/install/lab2_grupo9/lib/pkgconfig/lab2_grupo9.pc'
[0.303s] Level 1:colcon.colcon_core.environment:checking '/home/benjaminuc/Desktop/grupo9_ws/install/lab2_grupo9/lib/python3.10/site-packages'
[0.303s] Level 1:colcon.colcon_core.environment:checking '/home/benjaminuc/Desktop/grupo9_ws/install/lab2_grupo9/bin'
[0.303s] INFO:colcon.colcon_core.shell:Creating package script '/home/benjaminuc/Desktop/grupo9_ws/install/lab2_grupo9/share/lab2_grupo9/package.ps1'
[0.303s] INFO:colcon.colcon_core.shell:Creating package descriptor '/home/benjaminuc/Desktop/grupo9_ws/install/lab2_grupo9/share/lab2_grupo9/package.dsv'
[0.304s] INFO:colcon.colcon_core.shell:Creating package script '/home/benjaminuc/Desktop/grupo9_ws/install/lab2_grupo9/share/lab2_grupo9/package.sh'
[0.304s] INFO:colcon.colcon_core.shell:Creating package script '/home/benjaminuc/Desktop/grupo9_ws/install/lab2_grupo9/share/lab2_grupo9/package.bash'
[0.304s] INFO:colcon.colcon_core.shell:Creating package script '/home/benjaminuc/Desktop/grupo9_ws/install/lab2_grupo9/share/lab2_grupo9/package.zsh'
[0.304s] Level 1:colcon.colcon_core.environment:create_file_with_runtime_dependencies(/home/benjaminuc/Desktop/grupo9_ws/install/lab2_grupo9/share/colcon-core/packages/lab2_grupo9)
[0.305s] Level 1:colcon.colcon_core.environment:create_environment_scripts_only(lab2_grupo9)
[0.305s] Level 1:colcon.colcon_core.environment:checking '/home/benjaminuc/Desktop/grupo9_ws/install/lab2_grupo9' for CMake module files
[0.305s] Level 1:colcon.colcon_core.environment:checking '/home/benjaminuc/Desktop/grupo9_ws/install/lab2_grupo9' for CMake config files
[0.305s] Level 1:colcon.colcon_core.shell:create_environment_hook('lab2_grupo9', 'cmake_prefix_path')
[0.305s] INFO:colcon.colcon_core.shell:Creating environment hook '/home/benjaminuc/Desktop/grupo9_ws/install/lab2_grupo9/share/lab2_grupo9/hook/cmake_prefix_path.ps1'
[0.305s] INFO:colcon.colcon_core.shell:Creating environment descriptor '/home/benjaminuc/Desktop/grupo9_ws/install/lab2_grupo9/share/lab2_grupo9/hook/cmake_prefix_path.dsv'
[0.306s] INFO:colcon.colcon_core.shell:Creating environment hook '/home/benjaminuc/Desktop/grupo9_ws/install/lab2_grupo9/share/lab2_grupo9/hook/cmake_prefix_path.sh'
[0.306s] Level 1:colcon.colcon_core.environment:checking '/home/benjaminuc/Desktop/grupo9_ws/install/lab2_grupo9/lib'
[0.306s] Level 1:colcon.colcon_core.environment:checking '/home/benjaminuc/Desktop/grupo9_ws/install/lab2_grupo9/bin'
[0.306s] Level 1:colcon.colcon_core.environment:checking '/home/benjaminuc/Desktop/grupo9_ws/install/lab2_grupo9/lib/pkgconfig/lab2_grupo9.pc'
[0.306s] Level 1:colcon.colcon_core.environment:checking '/home/benjaminuc/Desktop/grupo9_ws/install/lab2_grupo9/lib/python3.10/site-packages'
[0.306s] Level 1:colcon.colcon_core.environment:checking '/home/benjaminuc/Desktop/grupo9_ws/install/lab2_grupo9/bin'
[0.307s] INFO:colcon.colcon_core.shell:Creating package script '/home/benjaminuc/Desktop/grupo9_ws/install/lab2_grupo9/share/lab2_grupo9/package.ps1'
[0.307s] INFO:colcon.colcon_core.shell:Creating package descriptor '/home/benjaminuc/Desktop/grupo9_ws/install/lab2_grupo9/share/lab2_grupo9/package.dsv'
[0.307s] INFO:colcon.colcon_core.shell:Creating package script '/home/benjaminuc/Desktop/grupo9_ws/install/lab2_grupo9/share/lab2_grupo9/package.sh'
[0.307s] INFO:colcon.colcon_core.shell:Creating package script '/home/benjaminuc/Desktop/grupo9_ws/install/lab2_grupo9/share/lab2_grupo9/package.bash'
[0.308s] INFO:colcon.colcon_core.shell:Creating package script '/home/benjaminuc/Desktop/grupo9_ws/install/lab2_grupo9/share/lab2_grupo9/package.zsh'
[0.308s] Level 1:colcon.colcon_core.environment:create_file_with_runtime_dependencies(/home/benjaminuc/Desktop/grupo9_ws/install/lab2_grupo9/share/colcon-core/packages/lab2_grupo9)
[0.454s] DEBUG:colcon.colcon_core.event_handler.log_command:Invoked command in '/home/benjaminuc/Desktop/grupo9_ws/build/very_simple_robot_simulator' returned '0': CMAKE_PREFIX_PATH=${CMAKE_PREFIX_PATH}:/opt/ros/humble /usr/bin/cmake --build /home/benjaminuc/Desktop/grupo9_ws/build/very_simple_robot_simulator -- -j12 -l12
[0.455s] DEBUG:colcon.colcon_core.event_handler.log_command:Invoking command in '/home/benjaminuc/Desktop/grupo9_ws/build/very_simple_robot_simulator': CMAKE_PREFIX_PATH=${CMAKE_PREFIX_PATH}:/opt/ros/humble /usr/bin/cmake --install /home/benjaminuc/Desktop/grupo9_ws/build/very_simple_robot_simulator
[0.491s] Level 1:colcon.colcon_core.environment:create_environment_scripts_only(very_simple_robot_simulator)
[0.491s] Level 1:colcon.colcon_core.environment:checking '/home/benjaminuc/Desktop/grupo9_ws/install/very_simple_robot_simulator' for CMake module files
[0.492s] DEBUG:colcon.colcon_core.event_handler.log_command:Invoked command in '/home/benjaminuc/Desktop/grupo9_ws/build/very_simple_robot_simulator' returned '0': CMAKE_PREFIX_PATH=${CMAKE_PREFIX_PATH}:/opt/ros/humble /usr/bin/cmake --install /home/benjaminuc/Desktop/grupo9_ws/build/very_simple_robot_simulator
[0.492s] Level 1:colcon.colcon_core.environment:checking '/home/benjaminuc/Desktop/grupo9_ws/install/very_simple_robot_simulator' for CMake config files
[0.492s] Level 1:colcon.colcon_core.shell:create_environment_hook('very_simple_robot_simulator', 'cmake_prefix_path')
[0.492s] INFO:colcon.colcon_core.shell:Creating environment hook '/home/benjaminuc/Desktop/grupo9_ws/install/very_simple_robot_simulator/share/very_simple_robot_simulator/hook/cmake_prefix_path.ps1'
[0.493s] INFO:colcon.colcon_core.shell:Creating environment descriptor '/home/benjaminuc/Desktop/grupo9_ws/install/very_simple_robot_simulator/share/very_simple_robot_simulator/hook/cmake_prefix_path.dsv'
[0.493s] INFO:colcon.colcon_core.shell:Creating environment hook '/home/benjaminuc/Desktop/grupo9_ws/install/very_simple_robot_simulator/share/very_simple_robot_simulator/hook/cmake_prefix_path.sh'
[0.493s] Level 1:colcon.colcon_core.environment:checking '/home/benjaminuc/Desktop/grupo9_ws/install/very_simple_robot_simulator/lib'
[0.493s] Level 1:colcon.colcon_core.environment:checking '/home/benjaminuc/Desktop/grupo9_ws/install/very_simple_robot_simulator/bin'
[0.493s] Level 1:colcon.colcon_core.environment:checking '/home/benjaminuc/Desktop/grupo9_ws/install/very_simple_robot_simulator/lib/pkgconfig/very_simple_robot_simulator.pc'
[0.493s] Level 1:colcon.colcon_core.environment:checking '/home/benjaminuc/Desktop/grupo9_ws/install/very_simple_robot_simulator/lib/python3.10/site-packages'
[0.494s] Level 1:colcon.colcon_core.environment:checking '/home/benjaminuc/Desktop/grupo9_ws/install/very_simple_robot_simulator/bin'
[0.494s] INFO:colcon.colcon_core.shell:Creating package script '/home/benjaminuc/Desktop/grupo9_ws/install/very_simple_robot_simulator/share/very_simple_robot_simulator/package.ps1'
[0.494s] INFO:colcon.colcon_core.shell:Creating package descriptor '/home/benjaminuc/Desktop/grupo9_ws/install/very_simple_robot_simulator/share/very_simple_robot_simulator/package.dsv'
[0.494s] INFO:colcon.colcon_core.shell:Creating package script '/home/benjaminuc/Desktop/grupo9_ws/install/very_simple_robot_simulator/share/very_simple_robot_simulator/package.sh'
[0.494s] INFO:colcon.colcon_core.shell:Creating package script '/home/benjaminuc/Desktop/grupo9_ws/install/very_simple_robot_simulator/share/very_simple_robot_simulator/package.bash'
[0.495s] INFO:colcon.colcon_core.shell:Creating package script '/home/benjaminuc/Desktop/grupo9_ws/install/very_simple_robot_simulator/share/very_simple_robot_simulator/package.zsh'
[0.495s] Level 1:colcon.colcon_core.environment:create_file_with_runtime_dependencies(/home/benjaminuc/Desktop/grupo9_ws/install/very_simple_robot_simulator/share/colcon-core/packages/very_simple_robot_simulator)
[0.495s] Level 1:colcon.colcon_core.environment:create_environment_scripts_only(very_simple_robot_simulator)
[0.495s] Level 1:colcon.colcon_core.environment:checking '/home/benjaminuc/Desktop/grupo9_ws/install/very_simple_robot_simulator' for CMake module files
[0.495s] Level 1:colcon.colcon_core.environment:checking '/home/benjaminuc/Desktop/grupo9_ws/install/very_simple_robot_simulator' for CMake config files
[0.496s] Level 1:colcon.colcon_core.shell:create_environment_hook('very_simple_robot_simulator', 'cmake_prefix_path')
[0.496s] INFO:colcon.colcon_core.shell:Creating environment hook '/home/benjaminuc/Desktop/grupo9_ws/install/very_simple_robot_simulator/share/very_simple_robot_simulator/hook/cmake_prefix_path.ps1'
[0.496s] INFO:colcon.colcon_core.shell:Creating environment descriptor '/home/benjaminuc/Desktop/grupo9_ws/install/very_simple_robot_simulator/share/very_simple_robot_simulator/hook/cmake_prefix_path.dsv'
[0.496s] INFO:colcon.colcon_core.shell:Creating environment hook '/home/benjaminuc/Desktop/grupo9_ws/install/very_simple_robot_simulator/share/very_simple_robot_simulator/hook/cmake_prefix_path.sh'
[0.496s] Level 1:colcon.colcon_core.environment:checking '/home/benjaminuc/Desktop/grupo9_ws/install/very_simple_robot_simulator/lib'
[0.496s] Level 1:colcon.colcon_core.environment:checking '/home/benjaminuc/Desktop/grupo9_ws/install/very_simple_robot_simulator/bin'
[0.497s] Level 1:colcon.colcon_core.environment:checking '/home/benjaminuc/Desktop/grupo9_ws/install/very_simple_robot_simulator/lib/pkgconfig/very_simple_robot_simulator.pc'
[0.497s] Level 1:colcon.colcon_core.environment:checking '/home/benjaminuc/Desktop/grupo9_ws/install/very_simple_robot_simulator/lib/python3.10/site-packages'
[0.497s] Level 1:colcon.colcon_core.environment:checking '/home/benjaminuc/Desktop/grupo9_ws/install/very_simple_robot_simulator/bin'
[0.497s] INFO:colcon.colcon_core.shell:Creating package script '/home/benjaminuc/Desktop/grupo9_ws/install/very_simple_robot_simulator/share/very_simple_robot_simulator/package.ps1'
[0.497s] INFO:colcon.colcon_core.shell:Creating package descriptor '/home/benjaminuc/Desktop/grupo9_ws/install/very_simple_robot_simulator/share/very_simple_robot_simulator/package.dsv'
[0.497s] INFO:colcon.colcon_core.shell:Creating package script '/home/benjaminuc/Desktop/grupo9_ws/install/very_simple_robot_simulator/share/very_simple_robot_simulator/package.sh'
[0.498s] INFO:colcon.colcon_core.shell:Creating package script '/home/benjaminuc/Desktop/grupo9_ws/install/very_simple_robot_simulator/share/very_simple_robot_simulator/package.bash'
[0.498s] INFO:colcon.colcon_core.shell:Creating package script '/home/benjaminuc/Desktop/grupo9_ws/install/very_simple_robot_simulator/share/very_simple_robot_simulator/package.zsh'
[0.498s] Level 1:colcon.colcon_core.environment:create_file_with_runtime_dependencies(/home/benjaminuc/Desktop/grupo9_ws/install/very_simple_robot_simulator/share/colcon-core/packages/very_simple_robot_simulator)
[0.498s] DEBUG:colcon.colcon_parallel_executor.executor.parallel:closing loop
[0.498s] DEBUG:colcon.colcon_parallel_executor.executor.parallel:loop closed
[0.499s] DEBUG:colcon.colcon_parallel_executor.executor.parallel:run_until_complete finished with '0'
[0.499s] DEBUG:colcon.colcon_core.event_reactor:joining thread
[0.502s] INFO:colcon.colcon_core.plugin_system:Skipping extension 'colcon_notification.desktop_notification.terminal_notifier': Not used on non-Darwin systems
[0.502s] INFO:colcon.colcon_core.plugin_system:Skipping extension 'colcon_notification.desktop_notification.win32': Not used on non-Windows systems
[0.502s] INFO:colcon.colcon_notification.desktop_notification:Sending desktop notification using 'notify2'
[0.511s] DEBUG:colcon.colcon_core.event_reactor:joined thread
[0.511s] INFO:colcon.colcon_core.shell:Creating prefix script '/home/benjaminuc/Desktop/grupo9_ws/install/local_setup.ps1'
[0.512s] INFO:colcon.colcon_core.shell:Creating prefix util module '/home/benjaminuc/Desktop/grupo9_ws/install/_local_setup_util_ps1.py'
[0.513s] INFO:colcon.colcon_core.shell:Creating prefix chain script '/home/benjaminuc/Desktop/grupo9_ws/install/setup.ps1'
[0.514s] INFO:colcon.colcon_core.shell:Creating prefix script '/home/benjaminuc/Desktop/grupo9_ws/install/local_setup.sh'
[0.514s] INFO:colcon.colcon_core.shell:Creating prefix util module '/home/benjaminuc/Desktop/grupo9_ws/install/_local_setup_util_sh.py'
[0.514s] INFO:colcon.colcon_core.shell:Creating prefix chain script '/home/benjaminuc/Desktop/grupo9_ws/install/setup.sh'
[0.515s] INFO:colcon.colcon_core.shell:Creating prefix script '/home/benjaminuc/Desktop/grupo9_ws/install/local_setup.bash'
[0.515s] INFO:colcon.colcon_core.shell:Creating prefix chain script '/home/benjaminuc/Desktop/grupo9_ws/install/setup.bash'
[0.516s] INFO:colcon.colcon_core.shell:Creating prefix script '/home/benjaminuc/Desktop/grupo9_ws/install/local_setup.zsh'
[0.516s] INFO:colcon.colcon_core.shell:Creating prefix chain script '/home/benjaminuc/Desktop/grupo9_ws/install/setup.zsh'
