[0.008s] Invoking command in '/home/benjaminuc/Desktop/grupo9_ws/build/lab1_grupo9': CMAKE_PREFIX_PATH=${CMAKE_PREFIX_PATH}:/opt/ros/humble /usr/bin/cmake /home/benjaminuc/Desktop/grupo9_ws/src/lab1_grupo9 -DAMENT_CMAKE_SYMLINK_INSTALL=1 -DCMAKE_INSTALL_PREFIX=/home/benjaminuc/Desktop/grupo9_ws/install/lab1_grupo9
[0.132s] -- The C compiler identification is GNU 11.4.0
[0.235s] -- The CXX compiler identification is GNU 11.4.0
[0.245s] -- Detecting C compiler ABI info
[0.329s] -- Detecting C compiler ABI info - done
[0.340s] -- Check for working C compiler: /usr/bin/cc - skipped
[0.341s] -- Detecting C compile features
[0.342s] -- Detecting C compile features - done
[0.347s] -- Detecting CXX compiler ABI info
[0.427s] -- Detecting CXX compiler ABI info - done
[0.433s] -- Check for working CXX compiler: /usr/bin/c++ - skipped
[0.434s] -- Detecting CXX compile features
[0.434s] -- Detecting CXX compile features - done
[0.437s] -- Found ament_cmake: 1.3.11 (/opt/ros/humble/share/ament_cmake/cmake)
[0.568s] -- Found Python3: /usr/bin/python3 (found version "3.10.12") found components: Interpreter 
[0.625s] -- Override CMake install command with custom implementation using symlinks instead of copying resources
[0.655s] -- Found ament_lint_auto: 0.12.11 (/opt/ros/humble/share/ament_lint_auto/cmake)
[0.718s] -- Added test 'lint_cmake' to check CMake code style
[0.719s] -- Added test 'xmllint' to check XML markup files
[0.721s] -- Configuring done
[0.722s] -- Generating done
[0.723s] -- Build files have been written to: /home/benjaminuc/Desktop/grupo9_ws/build/lab1_grupo9
[0.727s] Invoked command in '/home/benjaminuc/Desktop/grupo9_ws/build/lab1_grupo9' returned '0': CMAKE_PREFIX_PATH=${CMAKE_PREFIX_PATH}:/opt/ros/humble /usr/bin/cmake /home/benjaminuc/Desktop/grupo9_ws/src/lab1_grupo9 -DAMENT_CMAKE_SYMLINK_INSTALL=1 -DCMAKE_INSTALL_PREFIX=/home/benjaminuc/Desktop/grupo9_ws/install/lab1_grupo9
[0.729s] Invoking command in '/home/benjaminuc/Desktop/grupo9_ws/build/lab1_grupo9': CMAKE_PREFIX_PATH=${CMAKE_PREFIX_PATH}:/opt/ros/humble /usr/bin/cmake --build /home/benjaminuc/Desktop/grupo9_ws/build/lab1_grupo9 -- -j12 -l12
[0.762s] Invoked command in '/home/benjaminuc/Desktop/grupo9_ws/build/lab1_grupo9' returned '0': CMAKE_PREFIX_PATH=${CMAKE_PREFIX_PATH}:/opt/ros/humble /usr/bin/cmake --build /home/benjaminuc/Desktop/grupo9_ws/build/lab1_grupo9 -- -j12 -l12
[0.770s] Invoking command in '/home/benjaminuc/Desktop/grupo9_ws/build/lab1_grupo9': CMAKE_PREFIX_PATH=${CMAKE_PREFIX_PATH}:/opt/ros/humble /usr/bin/cmake --install /home/benjaminuc/Desktop/grupo9_ws/build/lab1_grupo9
[0.775s] -- Install configuration: ""
[0.775s] -- Execute custom install script
[0.776s] -- Symlinking: /home/benjaminuc/Desktop/grupo9_ws/install/lab1_grupo9/share/ament_index/resource_index/package_run_dependencies/lab1_grupo9
[0.782s] -- Symlinking: /home/benjaminuc/Desktop/grupo9_ws/install/lab1_grupo9/share/ament_index/resource_index/parent_prefix_path/lab1_grupo9
[0.790s] -- Symlinking: /home/benjaminuc/Desktop/grupo9_ws/install/lab1_grupo9/share/lab1_grupo9/environment/ament_prefix_path.sh
[0.796s] -- Symlinking: /home/benjaminuc/Desktop/grupo9_ws/install/lab1_grupo9/share/lab1_grupo9/environment/ament_prefix_path.dsv
[0.802s] -- Symlinking: /home/benjaminuc/Desktop/grupo9_ws/install/lab1_grupo9/share/lab1_grupo9/environment/path.sh
[0.808s] -- Symlinking: /home/benjaminuc/Desktop/grupo9_ws/install/lab1_grupo9/share/lab1_grupo9/environment/path.dsv
[0.814s] -- Symlinking: /home/benjaminuc/Desktop/grupo9_ws/install/lab1_grupo9/share/lab1_grupo9/local_setup.bash
[0.820s] -- Symlinking: /home/benjaminuc/Desktop/grupo9_ws/install/lab1_grupo9/share/lab1_grupo9/local_setup.sh
[0.825s] -- Symlinking: /home/benjaminuc/Desktop/grupo9_ws/install/lab1_grupo9/share/lab1_grupo9/local_setup.zsh
[0.833s] -- Symlinking: /home/benjaminuc/Desktop/grupo9_ws/install/lab1_grupo9/share/lab1_grupo9/local_setup.dsv
[0.841s] -- Symlinking: /home/benjaminuc/Desktop/grupo9_ws/install/lab1_grupo9/share/lab1_grupo9/package.dsv
[0.848s] -- Symlinking: /home/benjaminuc/Desktop/grupo9_ws/install/lab1_grupo9/share/ament_index/resource_index/packages/lab1_grupo9
[0.855s] -- Symlinking: /home/benjaminuc/Desktop/grupo9_ws/install/lab1_grupo9/share/lab1_grupo9/cmake/lab1_grupo9Config.cmake
[0.863s] -- Symlinking: /home/benjaminuc/Desktop/grupo9_ws/install/lab1_grupo9/share/lab1_grupo9/cmake/lab1_grupo9Config-version.cmake
[0.871s] -- Symlinking: /home/benjaminuc/Desktop/grupo9_ws/install/lab1_grupo9/share/lab1_grupo9/package.xml
[0.880s] Invoked command in '/home/benjaminuc/Desktop/grupo9_ws/build/lab1_grupo9' returned '0': CMAKE_PREFIX_PATH=${CMAKE_PREFIX_PATH}:/opt/ros/humble /usr/bin/cmake --install /home/benjaminuc/Desktop/grupo9_ws/build/lab1_grupo9
