[0.012s] Invoking command in '/home/benjaminuc/Desktop/grupo9_ws/build/lab1_grupo9': CMAKE_PREFIX_PATH=${CMAKE_PREFIX_PATH}:/opt/ros/humble /usr/bin/cmake /home/benjaminuc/Desktop/grupo9_ws/src/lab1_grupo9 -DAMENT_CMAKE_SYMLINK_INSTALL=1 -DCMAKE_INSTALL_PREFIX=/home/benjaminuc/Desktop/grupo9_ws/install/lab1_grupo9
[0.089s] -- The C compiler identification is GNU 11.4.0
[0.166s] -- The CXX compiler identification is GNU 11.4.0
[0.173s] -- Detecting C compiler ABI info
[0.227s] -- Detecting C compiler ABI info - done
[0.232s] -- Check for working C compiler: /usr/bin/cc - skipped
[0.232s] -- Detecting C compile features
[0.233s] -- Detecting C compile features - done
[0.235s] -- Detecting CXX compiler ABI info
[0.292s] -- Detecting CXX compiler ABI info - done
[0.299s] -- Check for working CXX compiler: /usr/bin/c++ - skipped
[0.299s] -- Detecting CXX compile features
[0.299s] -- Detecting CXX compile features - done
[0.303s] -- Found ament_cmake: 1.3.11 (/opt/ros/humble/share/ament_cmake/cmake)
[0.414s] -- Found Python3: /usr/bin/python3 (found version "3.10.12") found components: Interpreter 
[0.469s] -- Override CMake install command with custom implementation using symlinks instead of copying resources
[0.491s] -- Found ament_lint_auto: 0.12.12 (/opt/ros/humble/share/ament_lint_auto/cmake)
[0.551s] -- Added test 'flake8' to check Python code syntax and style conventions
[0.552s] -- Added test 'lint_cmake' to check CMake code style
[0.552s] -- Added test 'pep257' to check Python code against some of the docstring style conventions in PEP 257
[0.553s] -- Added test 'xmllint' to check XML markup files
[0.554s] -- Configuring done
[0.556s] -- Generating done
[0.558s] -- Build files have been written to: /home/benjaminuc/Desktop/grupo9_ws/build/lab1_grupo9
[0.562s] Invoked command in '/home/benjaminuc/Desktop/grupo9_ws/build/lab1_grupo9' returned '0': CMAKE_PREFIX_PATH=${CMAKE_PREFIX_PATH}:/opt/ros/humble /usr/bin/cmake /home/benjaminuc/Desktop/grupo9_ws/src/lab1_grupo9 -DAMENT_CMAKE_SYMLINK_INSTALL=1 -DCMAKE_INSTALL_PREFIX=/home/benjaminuc/Desktop/grupo9_ws/install/lab1_grupo9
[0.563s] Invoking command in '/home/benjaminuc/Desktop/grupo9_ws/build/lab1_grupo9': CMAKE_PREFIX_PATH=${CMAKE_PREFIX_PATH}:/opt/ros/humble /usr/bin/cmake --build /home/benjaminuc/Desktop/grupo9_ws/build/lab1_grupo9 -- -j12 -l12
[0.587s] Invoked command in '/home/benjaminuc/Desktop/grupo9_ws/build/lab1_grupo9' returned '0': CMAKE_PREFIX_PATH=${CMAKE_PREFIX_PATH}:/opt/ros/humble /usr/bin/cmake --build /home/benjaminuc/Desktop/grupo9_ws/build/lab1_grupo9 -- -j12 -l12
[0.594s] Invoking command in '/home/benjaminuc/Desktop/grupo9_ws/build/lab1_grupo9': CMAKE_PREFIX_PATH=${CMAKE_PREFIX_PATH}:/opt/ros/humble /usr/bin/cmake --install /home/benjaminuc/Desktop/grupo9_ws/build/lab1_grupo9
[0.598s] -- Install configuration: ""
[0.599s] -- Execute custom install script
[0.599s] -- Up-to-date symlink: /home/benjaminuc/Desktop/grupo9_ws/install/lab1_grupo9/lib/lab1_grupo9/dead_reckoning_nav.py
[0.599s] -- Up-to-date symlink: /home/benjaminuc/Desktop/grupo9_ws/install/lab1_grupo9/lib/lab1_grupo9/pose_loader.py
[0.600s] -- Up-to-date symlink: /home/benjaminuc/Desktop/grupo9_ws/install/lab1_grupo9/lib/lab1_grupo9/kinect_node.py
[0.600s] -- Up-to-date symlink: /home/benjaminuc/Desktop/grupo9_ws/install/lab1_grupo9/lib/lab1_grupo9/teleoperacion.py
[0.600s] -- Up-to-date symlink: /home/benjaminuc/Desktop/grupo9_ws/install/lab1_grupo9/share/lab1_grupo9//launch/accion_y_percepcion.xml
[0.600s] -- Up-to-date symlink: /home/benjaminuc/Desktop/grupo9_ws/install/lab1_grupo9/share/lab1_grupo9//launch/avanzar_y_rotar.xml
[0.600s] -- Up-to-date symlink: /home/benjaminuc/Desktop/grupo9_ws/install/lab1_grupo9/share/lab1_grupo9/posiciones.txt
[0.601s] -- Up-to-date symlink: /home/benjaminuc/Desktop/grupo9_ws/install/lab1_grupo9/share/ament_index/resource_index/package_run_dependencies/lab1_grupo9
[0.601s] -- Up-to-date symlink: /home/benjaminuc/Desktop/grupo9_ws/install/lab1_grupo9/share/ament_index/resource_index/parent_prefix_path/lab1_grupo9
[0.601s] -- Up-to-date symlink: /home/benjaminuc/Desktop/grupo9_ws/install/lab1_grupo9/share/lab1_grupo9/environment/ament_prefix_path.sh
[0.601s] -- Up-to-date symlink: /home/benjaminuc/Desktop/grupo9_ws/install/lab1_grupo9/share/lab1_grupo9/environment/ament_prefix_path.dsv
[0.601s] -- Up-to-date symlink: /home/benjaminuc/Desktop/grupo9_ws/install/lab1_grupo9/share/lab1_grupo9/environment/path.sh
[0.601s] -- Up-to-date symlink: /home/benjaminuc/Desktop/grupo9_ws/install/lab1_grupo9/share/lab1_grupo9/environment/path.dsv
[0.602s] -- Up-to-date symlink: /home/benjaminuc/Desktop/grupo9_ws/install/lab1_grupo9/share/lab1_grupo9/local_setup.bash
[0.602s] -- Up-to-date symlink: /home/benjaminuc/Desktop/grupo9_ws/install/lab1_grupo9/share/lab1_grupo9/local_setup.sh
[0.602s] -- Up-to-date symlink: /home/benjaminuc/Desktop/grupo9_ws/install/lab1_grupo9/share/lab1_grupo9/local_setup.zsh
[0.602s] -- Up-to-date symlink: /home/benjaminuc/Desktop/grupo9_ws/install/lab1_grupo9/share/lab1_grupo9/local_setup.dsv
[0.602s] -- Symlinking: /home/benjaminuc/Desktop/grupo9_ws/install/lab1_grupo9/share/lab1_grupo9/package.dsv
[0.608s] -- Up-to-date symlink: /home/benjaminuc/Desktop/grupo9_ws/install/lab1_grupo9/share/ament_index/resource_index/packages/lab1_grupo9
[0.608s] -- Up-to-date symlink: /home/benjaminuc/Desktop/grupo9_ws/install/lab1_grupo9/share/lab1_grupo9/cmake/lab1_grupo9Config.cmake
[0.608s] -- Up-to-date symlink: /home/benjaminuc/Desktop/grupo9_ws/install/lab1_grupo9/share/lab1_grupo9/cmake/lab1_grupo9Config-version.cmake
[0.609s] -- Up-to-date symlink: /home/benjaminuc/Desktop/grupo9_ws/install/lab1_grupo9/share/lab1_grupo9/package.xml
[0.610s] Invoked command in '/home/benjaminuc/Desktop/grupo9_ws/build/lab1_grupo9' returned '0': CMAKE_PREFIX_PATH=${CMAKE_PREFIX_PATH}:/opt/ros/humble /usr/bin/cmake --install /home/benjaminuc/Desktop/grupo9_ws/build/lab1_grupo9
