[0.011s] Invoking command in '/home/benjaminuc/Desktop/grupo9_ws/build/lab3_grupo9': CMAKE_PREFIX_PATH=${CMAKE_PREFIX_PATH}:/opt/ros/humble /usr/bin/cmake /home/benjaminuc/Desktop/grupo9_ws/src/lab3_grupo9 -DAMENT_CMAKE_SYMLINK_INSTALL=1 -DCMAKE_INSTALL_PREFIX=/home/benjaminuc/Desktop/grupo9_ws/install/lab3_grupo9
[0.085s] -- The C compiler identification is GNU 11.4.0
[0.162s] -- The CXX compiler identification is GNU 11.4.0
[0.169s] -- Detecting C compiler ABI info
[0.224s] -- Detecting C compiler ABI info - done
[0.233s] -- Check for working C compiler: /usr/bin/cc - skipped
[0.234s] -- Detecting C compile features
[0.234s] -- Detecting C compile features - done
[0.237s] -- Detecting CXX compiler ABI info
[0.293s] -- Detecting CXX compiler ABI info - done
[0.298s] -- Check for working CXX compiler: /usr/bin/c++ - skipped
[0.299s] -- Detecting CXX compile features
[0.299s] -- Detecting CXX compile features - done
[0.300s] -- Found ament_cmake: 1.3.11 (/opt/ros/humble/share/ament_cmake/cmake)
[0.410s] -- Found Python3: /usr/bin/python3 (found version "3.10.12") found components: Interpreter 
[0.465s] -- Override CMake install command with custom implementation using symlinks instead of copying resources
[0.489s] -- Found ament_lint_auto: 0.12.12 (/opt/ros/humble/share/ament_lint_auto/cmake)
[0.548s] -- Added test 'lint_cmake' to check CMake code style
[0.549s] -- Added test 'xmllint' to check XML markup files
[0.550s] -- Configuring done
[0.552s] -- Generating done
[0.554s] -- Build files have been written to: /home/benjaminuc/Desktop/grupo9_ws/build/lab3_grupo9
[0.560s] Invoked command in '/home/benjaminuc/Desktop/grupo9_ws/build/lab3_grupo9' returned '0': CMAKE_PREFIX_PATH=${CMAKE_PREFIX_PATH}:/opt/ros/humble /usr/bin/cmake /home/benjaminuc/Desktop/grupo9_ws/src/lab3_grupo9 -DAMENT_CMAKE_SYMLINK_INSTALL=1 -DCMAKE_INSTALL_PREFIX=/home/benjaminuc/Desktop/grupo9_ws/install/lab3_grupo9
[0.560s] Invoking command in '/home/benjaminuc/Desktop/grupo9_ws/build/lab3_grupo9': CMAKE_PREFIX_PATH=${CMAKE_PREFIX_PATH}:/opt/ros/humble /usr/bin/cmake --build /home/benjaminuc/Desktop/grupo9_ws/build/lab3_grupo9 -- -j12 -l12
[0.592s] Invoked command in '/home/benjaminuc/Desktop/grupo9_ws/build/lab3_grupo9' returned '0': CMAKE_PREFIX_PATH=${CMAKE_PREFIX_PATH}:/opt/ros/humble /usr/bin/cmake --build /home/benjaminuc/Desktop/grupo9_ws/build/lab3_grupo9 -- -j12 -l12
[0.593s] Invoking command in '/home/benjaminuc/Desktop/grupo9_ws/build/lab3_grupo9': CMAKE_PREFIX_PATH=${CMAKE_PREFIX_PATH}:/opt/ros/humble /usr/bin/cmake --install /home/benjaminuc/Desktop/grupo9_ws/build/lab3_grupo9
[0.598s] -- Install configuration: ""
[0.598s] -- Execute custom install script
[0.599s] -- Symlinking: /home/benjaminuc/Desktop/grupo9_ws/install/lab3_grupo9/share/ament_index/resource_index/package_run_dependencies/lab3_grupo9
[0.604s] -- Symlinking: /home/benjaminuc/Desktop/grupo9_ws/install/lab3_grupo9/share/ament_index/resource_index/parent_prefix_path/lab3_grupo9
[0.610s] -- Symlinking: /home/benjaminuc/Desktop/grupo9_ws/install/lab3_grupo9/share/lab3_grupo9/environment/ament_prefix_path.sh
[0.615s] -- Symlinking: /home/benjaminuc/Desktop/grupo9_ws/install/lab3_grupo9/share/lab3_grupo9/environment/ament_prefix_path.dsv
[0.621s] -- Symlinking: /home/benjaminuc/Desktop/grupo9_ws/install/lab3_grupo9/share/lab3_grupo9/environment/path.sh
[0.627s] -- Symlinking: /home/benjaminuc/Desktop/grupo9_ws/install/lab3_grupo9/share/lab3_grupo9/environment/path.dsv
[0.632s] -- Symlinking: /home/benjaminuc/Desktop/grupo9_ws/install/lab3_grupo9/share/lab3_grupo9/local_setup.bash
[0.638s] -- Symlinking: /home/benjaminuc/Desktop/grupo9_ws/install/lab3_grupo9/share/lab3_grupo9/local_setup.sh
[0.644s] -- Symlinking: /home/benjaminuc/Desktop/grupo9_ws/install/lab3_grupo9/share/lab3_grupo9/local_setup.zsh
[0.650s] -- Symlinking: /home/benjaminuc/Desktop/grupo9_ws/install/lab3_grupo9/share/lab3_grupo9/local_setup.dsv
[0.656s] -- Symlinking: /home/benjaminuc/Desktop/grupo9_ws/install/lab3_grupo9/share/lab3_grupo9/package.dsv
[0.662s] -- Symlinking: /home/benjaminuc/Desktop/grupo9_ws/install/lab3_grupo9/share/ament_index/resource_index/packages/lab3_grupo9
[0.668s] -- Symlinking: /home/benjaminuc/Desktop/grupo9_ws/install/lab3_grupo9/share/lab3_grupo9/cmake/lab3_grupo9Config.cmake
[0.673s] -- Symlinking: /home/benjaminuc/Desktop/grupo9_ws/install/lab3_grupo9/share/lab3_grupo9/cmake/lab3_grupo9Config-version.cmake
[0.679s] -- Symlinking: /home/benjaminuc/Desktop/grupo9_ws/install/lab3_grupo9/share/lab3_grupo9/package.xml
[0.686s] Invoked command in '/home/benjaminuc/Desktop/grupo9_ws/build/lab3_grupo9' returned '0': CMAKE_PREFIX_PATH=${CMAKE_PREFIX_PATH}:/opt/ros/humble /usr/bin/cmake --install /home/benjaminuc/Desktop/grupo9_ws/build/lab3_grupo9
